-- The C compiler identification is AppleClang 17.0.0.17000603
-- The CXX compiler identification is AppleClang 17.0.0.17000603
-- Detecting C compiler ABI info
-- Detecting C compiler ABI info - done
-- Check for working C compiler: /Applications/Xcode.app/Contents/Developer/Toolchains/XcodeDefault.xctoolchain/usr/bin/cc - skipped
-- Detecting C compile features
-- Detecting C compile features - done
-- Detecting CXX compiler ABI info
-- Detecting CXX compiler ABI info - done
-- Check for working CXX compiler: /Applications/Xcode.app/Contents/Developer/Toolchains/XcodeDefault.xctoolchain/usr/bin/c++ - skipped
-- Detecting CXX compile features
-- Detecting CXX compile features - done
-- Found ament_cmake: 1.3.3 (/Applications/MATLAB_R2024b.app/sys/ros2/maca64/ros2/share/ament_cmake/cmake)
-- Found Python3: /Users/cassanpierre-lo/.matlab/R2024b/ros2/maca64/venv/bin/python3.10 (found version "3.10.11") found components: Interpreter 
-- Found ament_cmake_ros: 0.10.0 (/Applications/MATLAB_R2024b.app/sys/ros2/maca64/ros2/share/ament_cmake_ros/cmake)
-- Found rosidl_typesupport_c: 2.0.0 (/Applications/MATLAB_R2024b.app/sys/ros2/maca64/ros2/share/rosidl_typesupport_c/cmake)
-- Using all available rosidl_typesupport_c: rosidl_typesupport_fastrtps_c;rosidl_typesupport_introspection_c
-- Found rosidl_adapter: 3.1.4 (/Applications/MATLAB_R2024b.app/sys/ros2/maca64/ros2/share/rosidl_adapter/cmake)
-- Found rosidl_typesupport_cpp: 2.0.0 (/Applications/MATLAB_R2024b.app/sys/ros2/maca64/ros2/share/rosidl_typesupport_cpp/cmake)
-- Using all available rosidl_typesupport_cpp: rosidl_typesupport_fastrtps_cpp;rosidl_typesupport_introspection_cpp
-- Found rosidl_default_generators: 1.2.0 (/Applications/MATLAB_R2024b.app/sys/ros2/maca64/ros2/share/rosidl_default_generators/cmake)
-- Found class_loader: 2.2.0 (/Applications/MATLAB_R2024b.app/sys/ros2/maca64/ros2/share/class_loader/cmake)
-- Found rclcpp: 16.0.5 (/Applications/MATLAB_R2024b.app/sys/ros2/maca64/ros2/share/rclcpp/cmake)
-- Found rmw_implementation_cmake: 6.1.1 (/Applications/MATLAB_R2024b.app/sys/ros2/maca64/ros2/share/rmw_implementation_cmake/cmake)
-- Found rmw_fastrtps_cpp: 6.2.2 (/Applications/MATLAB_R2024b.app/sys/ros2/maca64/ros2/share/rmw_fastrtps_cpp/cmake)
-- Found FastRTPS: /Applications/MATLAB_R2024b.app/sys/ros2/maca64/ros2/include  
-- Using RMW implementation 'rmw_fastrtps_cpp' as default
-- Performing Test CMAKE_HAVE_LIBC_PTHREAD
-- Performing Test CMAKE_HAVE_LIBC_PTHREAD - Success
-- Found Threads: TRUE  
-- Using all available rosidl_typesupport_c: rosidl_typesupport_fastrtps_c;rosidl_typesupport_introspection_c
-- Using all available rosidl_typesupport_cpp: rosidl_typesupport_fastrtps_cpp;rosidl_typesupport_introspection_cpp
-- Configuring done
-- Generating done
-- Build files have been written to: /Users/cassanpierre-lo/Documents/qcar2_pkg/src/matlab_msg_gen/maca64/build/qcar2_interfaces
[1/32] Generating C++ code for ROS interfaces
[2/32] Generating C code for ROS interfaces
[3/32] Building C object CMakeFiles/qcar2_interfaces__rosidl_generator_c.dir/rosidl_generator_c/qcar2_interfaces/msg/detail/boolean_leds__functions.c.o
[4/32] Building C object CMakeFiles/qcar2_interfaces__rosidl_generator_c.dir/rosidl_generator_c/qcar2_interfaces/msg/detail/motor_commands__functions.c.o
[5/32] Linking C shared library libqcar2_interfaces__rosidl_generator_c.dylib
[6/32] Generating C++ type support dispatch for ROS interfaces
[7/32] Generating C++ type support for eProsima Fast-RTPS
[8/32] Generating C++ introspection for ROS interfaces
[9/32] Generating C type support dispatch for ROS interfaces
[10/32] Generating C introspection for ROS interfaces
[11/32] Generating C type support for eProsima Fast-RTPS
[12/32] Building CXX object CMakeFiles/qcar2_interfaces__rosidl_typesupport_c.dir/rosidl_typesupport_c/qcar2_interfaces/msg/boolean_leds__type_support.cpp.o
[13/32] Building C object CMakeFiles/qcar2_interfaces__rosidl_typesupport_introspection_c.dir/rosidl_typesupport_introspection_c/qcar2_interfaces/msg/detail/boolean_leds__type_support.c.o
[14/32] Building C object CMakeFiles/qcar2_interfaces__rosidl_typesupport_introspection_c.dir/rosidl_typesupport_introspection_c/qcar2_interfaces/msg/detail/motor_commands__type_support.c.o
[15/32] Building CXX object CMakeFiles/qcar2_interfaces__rosidl_typesupport_cpp.dir/rosidl_typesupport_cpp/qcar2_interfaces/msg/boolean_leds__type_support.cpp.o
[16/32] Linking C shared library libqcar2_interfaces__rosidl_typesupport_introspection_c.dylib
[17/32] Building CXX object CMakeFiles/qcar2_interfaces__rosidl_typesupport_cpp.dir/rosidl_typesupport_cpp/qcar2_interfaces/msg/motor_commands__type_support.cpp.o
[18/32] Building CXX object CMakeFiles/qcar2_interfaces__rosidl_typesupport_c.dir/rosidl_typesupport_c/qcar2_interfaces/msg/motor_commands__type_support.cpp.o
[19/32] Building CXX object CMakeFiles/qcar2_interfaces__rosidl_typesupport_introspection_cpp.dir/rosidl_typesupport_introspection_cpp/qcar2_interfaces/msg/detail/boolean_leds__type_support.cpp.o
[20/32] Building CXX object CMakeFiles/qcar2_interfaces__rosidl_typesupport_fastrtps_cpp.dir/rosidl_typesupport_fastrtps_cpp/qcar2_interfaces/msg/detail/dds_fastrtps/boolean_leds__type_support.cpp.o
[21/32] Linking CXX shared library libqcar2_interfaces__rosidl_typesupport_cpp.dylib
[22/32] Linking CXX shared library libqcar2_interfaces__rosidl_typesupport_c.dylib
[23/32] Building CXX object CMakeFiles/qcar2_interfaces__rosidl_typesupport_fastrtps_cpp.dir/rosidl_typesupport_fastrtps_cpp/qcar2_interfaces/msg/detail/dds_fastrtps/motor_commands__type_support.cpp.o
[24/32] Linking CXX shared library libqcar2_interfaces__rosidl_typesupport_fastrtps_cpp.dylib
[25/32] Building CXX object CMakeFiles/qcar2_interfaces__rosidl_typesupport_fastrtps_c.dir/rosidl_typesupport_fastrtps_c/qcar2_interfaces/msg/detail/boolean_leds__type_support_c.cpp.o
[26/32] Building CXX object CMakeFiles/qcar2_interfaces__rosidl_typesupport_fastrtps_c.dir/rosidl_typesupport_fastrtps_c/qcar2_interfaces/msg/detail/motor_commands__type_support_c.cpp.o
[27/32] Building CXX object CMakeFiles/qcar2_interfaces__rosidl_typesupport_introspection_cpp.dir/rosidl_typesupport_introspection_cpp/qcar2_interfaces/msg/detail/motor_commands__type_support.cpp.o
[28/32] Linking CXX shared library libqcar2_interfaces__rosidl_typesupport_fastrtps_c.dylib
[29/32] Linking CXX shared library libqcar2_interfaces__rosidl_typesupport_introspection_cpp.dylib
[30/32] Building CXX object CMakeFiles/qcar2_interfaces_matlab.dir/src/qcar2_interfaces_MotorCommands_message.cpp.o
[31/32] Building CXX object CMakeFiles/qcar2_interfaces_matlab.dir/src/qcar2_interfaces_BooleanLeds_message.cpp.o
[32/32] Linking CXX shared library libqcar2_interfaces_matlab.dylib
-- Install configuration: "Release"
-- Installing: /Users/cassanpierre-lo/Documents/qcar2_pkg/src/matlab_msg_gen/maca64/install/share/ament_index/resource_index/rosidl_interfaces/qcar2_interfaces
-- Installing: /Users/cassanpierre-lo/Documents/qcar2_pkg/src/matlab_msg_gen/maca64/install/include/qcar2_interfaces/qcar2_interfaces
-- Installing: /Users/cassanpierre-lo/Documents/qcar2_pkg/src/matlab_msg_gen/maca64/install/include/qcar2_interfaces/qcar2_interfaces/msg
-- Installing: /Users/cassanpierre-lo/Documents/qcar2_pkg/src/matlab_msg_gen/maca64/install/include/qcar2_interfaces/qcar2_interfaces/msg/rosidl_generator_c__visibility_control.h
-- Installing: /Users/cassanpierre-lo/Documents/qcar2_pkg/src/matlab_msg_gen/maca64/install/include/qcar2_interfaces/qcar2_interfaces/msg/motor_commands.h
-- Installing: /Users/cassanpierre-lo/Documents/qcar2_pkg/src/matlab_msg_gen/maca64/install/include/qcar2_interfaces/qcar2_interfaces/msg/detail
-- Installing: /Users/cassanpierre-lo/Documents/qcar2_pkg/src/matlab_msg_gen/maca64/install/include/qcar2_interfaces/qcar2_interfaces/msg/detail/motor_commands__type_support.h
-- Installing: /Users/cassanpierre-lo/Documents/qcar2_pkg/src/matlab_msg_gen/maca64/install/include/qcar2_interfaces/qcar2_interfaces/msg/detail/motor_commands__functions.h
-- Installing: /Users/cassanpierre-lo/Documents/qcar2_pkg/src/matlab_msg_gen/maca64/install/include/qcar2_interfaces/qcar2_interfaces/msg/detail/boolean_leds__functions.h
-- Installing: /Users/cassanpierre-lo/Documents/qcar2_pkg/src/matlab_msg_gen/maca64/install/include/qcar2_interfaces/qcar2_interfaces/msg/detail/motor_commands__struct.h
-- Installing: /Users/cassanpierre-lo/Documents/qcar2_pkg/src/matlab_msg_gen/maca64/install/include/qcar2_interfaces/qcar2_interfaces/msg/detail/boolean_leds__type_support.h
-- Installing: /Users/cassanpierre-lo/Documents/qcar2_pkg/src/matlab_msg_gen/maca64/install/include/qcar2_interfaces/qcar2_interfaces/msg/detail/boolean_leds__functions.c
-- Installing: /Users/cassanpierre-lo/Documents/qcar2_pkg/src/matlab_msg_gen/maca64/install/include/qcar2_interfaces/qcar2_interfaces/msg/detail/boolean_leds__struct.h
-- Installing: /Users/cassanpierre-lo/Documents/qcar2_pkg/src/matlab_msg_gen/maca64/install/include/qcar2_interfaces/qcar2_interfaces/msg/detail/motor_commands__functions.c
-- Installing: /Users/cassanpierre-lo/Documents/qcar2_pkg/src/matlab_msg_gen/maca64/install/include/qcar2_interfaces/qcar2_interfaces/msg/boolean_leds.h
-- Installing: /Users/cassanpierre-lo/Documents/qcar2_pkg/src/matlab_msg_gen/maca64/install/share/qcar2_interfaces/environment/library_path.sh
-- Installing: /Users/cassanpierre-lo/Documents/qcar2_pkg/src/matlab_msg_gen/maca64/install/share/qcar2_interfaces/environment/library_path.dsv
-- Installing: /Users/cassanpierre-lo/Documents/qcar2_pkg/src/matlab_msg_gen/maca64/install/lib/libqcar2_interfaces__rosidl_generator_c.dylib
-- Up-to-date: /Users/cassanpierre-lo/Documents/qcar2_pkg/src/matlab_msg_gen/maca64/install/include/qcar2_interfaces/qcar2_interfaces
-- Up-to-date: /Users/cassanpierre-lo/Documents/qcar2_pkg/src/matlab_msg_gen/maca64/install/include/qcar2_interfaces/qcar2_interfaces/msg
-- Up-to-date: /Users/cassanpierre-lo/Documents/qcar2_pkg/src/matlab_msg_gen/maca64/install/include/qcar2_interfaces/qcar2_interfaces/msg/detail
-- Installing: /Users/cassanpierre-lo/Documents/qcar2_pkg/src/matlab_msg_gen/maca64/install/include/qcar2_interfaces/qcar2_interfaces/msg/detail/boolean_leds__rosidl_typesupport_fastrtps_c.h
-- Installing: /Users/cassanpierre-lo/Documents/qcar2_pkg/src/matlab_msg_gen/maca64/install/include/qcar2_interfaces/qcar2_interfaces/msg/detail/motor_commands__rosidl_typesupport_fastrtps_c.h
-- Installing: /Users/cassanpierre-lo/Documents/qcar2_pkg/src/matlab_msg_gen/maca64/install/include/qcar2_interfaces/qcar2_interfaces/msg/rosidl_typesupport_fastrtps_c__visibility_control.h
-- Installing: /Users/cassanpierre-lo/Documents/qcar2_pkg/src/matlab_msg_gen/maca64/install/lib/libqcar2_interfaces__rosidl_typesupport_fastrtps_c.dylib
-- Up-to-date: /Users/cassanpierre-lo/Documents/qcar2_pkg/src/matlab_msg_gen/maca64/install/include/qcar2_interfaces/qcar2_interfaces
-- Up-to-date: /Users/cassanpierre-lo/Documents/qcar2_pkg/src/matlab_msg_gen/maca64/install/include/qcar2_interfaces/qcar2_interfaces/msg
-- Up-to-date: /Users/cassanpierre-lo/Documents/qcar2_pkg/src/matlab_msg_gen/maca64/install/include/qcar2_interfaces/qcar2_interfaces/msg/detail
-- Installing: /Users/cassanpierre-lo/Documents/qcar2_pkg/src/matlab_msg_gen/maca64/install/include/qcar2_interfaces/qcar2_interfaces/msg/detail/boolean_leds__type_support.c
-- Installing: /Users/cassanpierre-lo/Documents/qcar2_pkg/src/matlab_msg_gen/maca64/install/include/qcar2_interfaces/qcar2_interfaces/msg/detail/motor_commands__type_support.c
-- Installing: /Users/cassanpierre-lo/Documents/qcar2_pkg/src/matlab_msg_gen/maca64/install/include/qcar2_interfaces/qcar2_interfaces/msg/detail/boolean_leds__rosidl_typesupport_introspection_c.h
-- Installing: /Users/cassanpierre-lo/Documents/qcar2_pkg/src/matlab_msg_gen/maca64/install/include/qcar2_interfaces/qcar2_interfaces/msg/detail/motor_commands__rosidl_typesupport_introspection_c.h
-- Installing: /Users/cassanpierre-lo/Documents/qcar2_pkg/src/matlab_msg_gen/maca64/install/include/qcar2_interfaces/qcar2_interfaces/msg/rosidl_typesupport_introspection_c__visibility_control.h
-- Installing: /Users/cassanpierre-lo/Documents/qcar2_pkg/src/matlab_msg_gen/maca64/install/lib/libqcar2_interfaces__rosidl_typesupport_introspection_c.dylib
-- Installing: /Users/cassanpierre-lo/Documents/qcar2_pkg/src/matlab_msg_gen/maca64/install/lib/libqcar2_interfaces__rosidl_typesupport_c.dylib
-- Up-to-date: /Users/cassanpierre-lo/Documents/qcar2_pkg/src/matlab_msg_gen/maca64/install/include/qcar2_interfaces/qcar2_interfaces
-- Up-to-date: /Users/cassanpierre-lo/Documents/qcar2_pkg/src/matlab_msg_gen/maca64/install/include/qcar2_interfaces/qcar2_interfaces/msg
-- Up-to-date: /Users/cassanpierre-lo/Documents/qcar2_pkg/src/matlab_msg_gen/maca64/install/include/qcar2_interfaces/qcar2_interfaces/msg/detail
-- Installing: /Users/cassanpierre-lo/Documents/qcar2_pkg/src/matlab_msg_gen/maca64/install/include/qcar2_interfaces/qcar2_interfaces/msg/detail/boolean_leds__traits.hpp
-- Installing: /Users/cassanpierre-lo/Documents/qcar2_pkg/src/matlab_msg_gen/maca64/install/include/qcar2_interfaces/qcar2_interfaces/msg/detail/motor_commands__traits.hpp
-- Installing: /Users/cassanpierre-lo/Documents/qcar2_pkg/src/matlab_msg_gen/maca64/install/include/qcar2_interfaces/qcar2_interfaces/msg/detail/boolean_leds__struct.hpp
-- Installing: /Users/cassanpierre-lo/Documents/qcar2_pkg/src/matlab_msg_gen/maca64/install/include/qcar2_interfaces/qcar2_interfaces/msg/detail/boolean_leds__builder.hpp
-- Installing: /Users/cassanpierre-lo/Documents/qcar2_pkg/src/matlab_msg_gen/maca64/install/include/qcar2_interfaces/qcar2_interfaces/msg/detail/motor_commands__builder.hpp
-- Installing: /Users/cassanpierre-lo/Documents/qcar2_pkg/src/matlab_msg_gen/maca64/install/include/qcar2_interfaces/qcar2_interfaces/msg/detail/motor_commands__struct.hpp
-- Installing: /Users/cassanpierre-lo/Documents/qcar2_pkg/src/matlab_msg_gen/maca64/install/include/qcar2_interfaces/qcar2_interfaces/msg/motor_commands.hpp
-- Installing: /Users/cassanpierre-lo/Documents/qcar2_pkg/src/matlab_msg_gen/maca64/install/include/qcar2_interfaces/qcar2_interfaces/msg/boolean_leds.hpp
-- Up-to-date: /Users/cassanpierre-lo/Documents/qcar2_pkg/src/matlab_msg_gen/maca64/install/include/qcar2_interfaces/qcar2_interfaces
-- Up-to-date: /Users/cassanpierre-lo/Documents/qcar2_pkg/src/matlab_msg_gen/maca64/install/include/qcar2_interfaces/qcar2_interfaces/msg
-- Installing: /Users/cassanpierre-lo/Documents/qcar2_pkg/src/matlab_msg_gen/maca64/install/include/qcar2_interfaces/qcar2_interfaces/msg/rosidl_typesupport_fastrtps_cpp__visibility_control.h
-- Up-to-date: /Users/cassanpierre-lo/Documents/qcar2_pkg/src/matlab_msg_gen/maca64/install/include/qcar2_interfaces/qcar2_interfaces/msg/detail
-- Installing: /Users/cassanpierre-lo/Documents/qcar2_pkg/src/matlab_msg_gen/maca64/install/include/qcar2_interfaces/qcar2_interfaces/msg/detail/motor_commands__rosidl_typesupport_fastrtps_cpp.hpp
-- Installing: /Users/cassanpierre-lo/Documents/qcar2_pkg/src/matlab_msg_gen/maca64/install/include/qcar2_interfaces/qcar2_interfaces/msg/detail/boolean_leds__rosidl_typesupport_fastrtps_cpp.hpp
-- Installing: /Users/cassanpierre-lo/Documents/qcar2_pkg/src/matlab_msg_gen/maca64/install/include/qcar2_interfaces/qcar2_interfaces/msg/detail/dds_fastrtps
-- Installing: /Users/cassanpierre-lo/Documents/qcar2_pkg/src/matlab_msg_gen/maca64/install/lib/libqcar2_interfaces__rosidl_typesupport_fastrtps_cpp.dylib
-- Up-to-date: /Users/cassanpierre-lo/Documents/qcar2_pkg/src/matlab_msg_gen/maca64/install/include/qcar2_interfaces/qcar2_interfaces
-- Up-to-date: /Users/cassanpierre-lo/Documents/qcar2_pkg/src/matlab_msg_gen/maca64/install/include/qcar2_interfaces/qcar2_interfaces/msg
-- Up-to-date: /Users/cassanpierre-lo/Documents/qcar2_pkg/src/matlab_msg_gen/maca64/install/include/qcar2_interfaces/qcar2_interfaces/msg/detail
-- Installing: /Users/cassanpierre-lo/Documents/qcar2_pkg/src/matlab_msg_gen/maca64/install/include/qcar2_interfaces/qcar2_interfaces/msg/detail/motor_commands__type_support.cpp
-- Installing: /Users/cassanpierre-lo/Documents/qcar2_pkg/src/matlab_msg_gen/maca64/install/include/qcar2_interfaces/qcar2_interfaces/msg/detail/boolean_leds__type_support.cpp
-- Installing: /Users/cassanpierre-lo/Documents/qcar2_pkg/src/matlab_msg_gen/maca64/install/include/qcar2_interfaces/qcar2_interfaces/msg/detail/motor_commands__rosidl_typesupport_introspection_cpp.hpp
-- Installing: /Users/cassanpierre-lo/Documents/qcar2_pkg/src/matlab_msg_gen/maca64/install/include/qcar2_interfaces/qcar2_interfaces/msg/detail/boolean_leds__rosidl_typesupport_introspection_cpp.hpp
-- Installing: /Users/cassanpierre-lo/Documents/qcar2_pkg/src/matlab_msg_gen/maca64/install/lib/libqcar2_interfaces__rosidl_typesupport_introspection_cpp.dylib
-- Installing: /Users/cassanpierre-lo/Documents/qcar2_pkg/src/matlab_msg_gen/maca64/install/lib/libqcar2_interfaces__rosidl_typesupport_cpp.dylib
-- Installing: /Users/cassanpierre-lo/Documents/qcar2_pkg/src/matlab_msg_gen/maca64/install/share/qcar2_interfaces/msg/BooleanLeds.idl
-- Installing: /Users/cassanpierre-lo/Documents/qcar2_pkg/src/matlab_msg_gen/maca64/install/share/qcar2_interfaces/msg/MotorCommands.idl
-- Installing: /Users/cassanpierre-lo/Documents/qcar2_pkg/src/matlab_msg_gen/maca64/install/share/qcar2_interfaces/msg/BooleanLeds.msg
-- Installing: /Users/cassanpierre-lo/Documents/qcar2_pkg/src/matlab_msg_gen/maca64/install/share/qcar2_interfaces/msg/MotorCommands.msg
-- Up-to-date: /Users/cassanpierre-lo/Documents/qcar2_pkg/src/matlab_msg_gen/maca64/install/include
-- Up-to-date: /Users/cassanpierre-lo/Documents/qcar2_pkg/src/matlab_msg_gen/maca64/install/include/qcar2_interfaces
-- Installing: /Users/cassanpierre-lo/Documents/qcar2_pkg/src/matlab_msg_gen/maca64/install/include/qcar2_interfaces/visibility_control.h
-- Installing: /Users/cassanpierre-lo/Documents/qcar2_pkg/src/matlab_msg_gen/maca64/install/lib/libqcar2_interfaces_matlab.dylib
-- Installing: /Users/cassanpierre-lo/Documents/qcar2_pkg/src/matlab_msg_gen/maca64/install/m/
-- Installing: /Users/cassanpierre-lo/Documents/qcar2_pkg/src/matlab_msg_gen/maca64/install/m//+ros
-- Installing: /Users/cassanpierre-lo/Documents/qcar2_pkg/src/matlab_msg_gen/maca64/install/m//+ros/+internal
-- Installing: /Users/cassanpierre-lo/Documents/qcar2_pkg/src/matlab_msg_gen/maca64/install/m//+ros/+internal/+ros2
-- Installing: /Users/cassanpierre-lo/Documents/qcar2_pkg/src/matlab_msg_gen/maca64/install/m//+ros/+internal/+ros2/+custommessages
-- Installing: /Users/cassanpierre-lo/Documents/qcar2_pkg/src/matlab_msg_gen/maca64/install/m//+ros/+internal/+ros2/+custommessages/+qcar2_interfaces
-- Installing: /Users/cassanpierre-lo/Documents/qcar2_pkg/src/matlab_msg_gen/maca64/install/m//+ros/+internal/+ros2/+custommessages/+qcar2_interfaces/motorCommands.m
-- Installing: /Users/cassanpierre-lo/Documents/qcar2_pkg/src/matlab_msg_gen/maca64/install/m//+ros/+internal/+ros2/+custommessages/+qcar2_interfaces/booleanLeds.m
-- Installing: /Users/cassanpierre-lo/Documents/qcar2_pkg/src/matlab_msg_gen/maca64/install/share/ament_index/resource_index/package_run_dependencies/qcar2_interfaces
-- Installing: /Users/cassanpierre-lo/Documents/qcar2_pkg/src/matlab_msg_gen/maca64/install/share/ament_index/resource_index/parent_prefix_path/qcar2_interfaces
-- Installing: /Users/cassanpierre-lo/Documents/qcar2_pkg/src/matlab_msg_gen/maca64/install/share/qcar2_interfaces/environment/ament_prefix_path.sh
-- Installing: /Users/cassanpierre-lo/Documents/qcar2_pkg/src/matlab_msg_gen/maca64/install/share/qcar2_interfaces/environment/ament_prefix_path.dsv
-- Installing: /Users/cassanpierre-lo/Documents/qcar2_pkg/src/matlab_msg_gen/maca64/install/share/qcar2_interfaces/environment/path.sh
-- Installing: /Users/cassanpierre-lo/Documents/qcar2_pkg/src/matlab_msg_gen/maca64/install/share/qcar2_interfaces/environment/path.dsv
-- Installing: /Users/cassanpierre-lo/Documents/qcar2_pkg/src/matlab_msg_gen/maca64/install/share/qcar2_interfaces/local_setup.bash
-- Installing: /Users/cassanpierre-lo/Documents/qcar2_pkg/src/matlab_msg_gen/maca64/install/share/qcar2_interfaces/local_setup.sh
-- Installing: /Users/cassanpierre-lo/Documents/qcar2_pkg/src/matlab_msg_gen/maca64/install/share/qcar2_interfaces/local_setup.zsh
-- Installing: /Users/cassanpierre-lo/Documents/qcar2_pkg/src/matlab_msg_gen/maca64/install/share/qcar2_interfaces/local_setup.dsv
-- Installing: /Users/cassanpierre-lo/Documents/qcar2_pkg/src/matlab_msg_gen/maca64/install/share/qcar2_interfaces/package.dsv
-- Installing: /Users/cassanpierre-lo/Documents/qcar2_pkg/src/matlab_msg_gen/maca64/install/share/ament_index/resource_index/packages/qcar2_interfaces
-- Installing: /Users/cassanpierre-lo/Documents/qcar2_pkg/src/matlab_msg_gen/maca64/install/share/qcar2_interfaces/cmake/export_qcar2_interfaces__rosidl_generator_cExport.cmake
-- Installing: /Users/cassanpierre-lo/Documents/qcar2_pkg/src/matlab_msg_gen/maca64/install/share/qcar2_interfaces/cmake/export_qcar2_interfaces__rosidl_generator_cExport-release.cmake
-- Installing: /Users/cassanpierre-lo/Documents/qcar2_pkg/src/matlab_msg_gen/maca64/install/share/qcar2_interfaces/cmake/export_qcar2_interfaces__rosidl_typesupport_fastrtps_cExport.cmake
-- Installing: /Users/cassanpierre-lo/Documents/qcar2_pkg/src/matlab_msg_gen/maca64/install/share/qcar2_interfaces/cmake/export_qcar2_interfaces__rosidl_typesupport_fastrtps_cExport-release.cmake
-- Installing: /Users/cassanpierre-lo/Documents/qcar2_pkg/src/matlab_msg_gen/maca64/install/share/qcar2_interfaces/cmake/qcar2_interfaces__rosidl_typesupport_introspection_cExport.cmake
-- Installing: /Users/cassanpierre-lo/Documents/qcar2_pkg/src/matlab_msg_gen/maca64/install/share/qcar2_interfaces/cmake/qcar2_interfaces__rosidl_typesupport_introspection_cExport-release.cmake
-- Installing: /Users/cassanpierre-lo/Documents/qcar2_pkg/src/matlab_msg_gen/maca64/install/share/qcar2_interfaces/cmake/qcar2_interfaces__rosidl_typesupport_cExport.cmake
-- Installing: /Users/cassanpierre-lo/Documents/qcar2_pkg/src/matlab_msg_gen/maca64/install/share/qcar2_interfaces/cmake/qcar2_interfaces__rosidl_typesupport_cExport-release.cmake
-- Installing: /Users/cassanpierre-lo/Documents/qcar2_pkg/src/matlab_msg_gen/maca64/install/share/qcar2_interfaces/cmake/export_qcar2_interfaces__rosidl_generator_cppExport.cmake
-- Installing: /Users/cassanpierre-lo/Documents/qcar2_pkg/src/matlab_msg_gen/maca64/install/share/qcar2_interfaces/cmake/export_qcar2_interfaces__rosidl_typesupport_fastrtps_cppExport.cmake
-- Installing: /Users/cassanpierre-lo/Documents/qcar2_pkg/src/matlab_msg_gen/maca64/install/share/qcar2_interfaces/cmake/export_qcar2_interfaces__rosidl_typesupport_fastrtps_cppExport-release.cmake
-- Installing: /Users/cassanpierre-lo/Documents/qcar2_pkg/src/matlab_msg_gen/maca64/install/share/qcar2_interfaces/cmake/qcar2_interfaces__rosidl_typesupport_introspection_cppExport.cmake
-- Installing: /Users/cassanpierre-lo/Documents/qcar2_pkg/src/matlab_msg_gen/maca64/install/share/qcar2_interfaces/cmake/qcar2_interfaces__rosidl_typesupport_introspection_cppExport-release.cmake
-- Installing: /Users/cassanpierre-lo/Documents/qcar2_pkg/src/matlab_msg_gen/maca64/install/share/qcar2_interfaces/cmake/qcar2_interfaces__rosidl_typesupport_cppExport.cmake
-- Installing: /Users/cassanpierre-lo/Documents/qcar2_pkg/src/matlab_msg_gen/maca64/install/share/qcar2_interfaces/cmake/qcar2_interfaces__rosidl_typesupport_cppExport-release.cmake
-- Installing: /Users/cassanpierre-lo/Documents/qcar2_pkg/src/matlab_msg_gen/maca64/install/share/qcar2_interfaces/cmake/rosidl_cmake-extras.cmake
-- Installing: /Users/cassanpierre-lo/Documents/qcar2_pkg/src/matlab_msg_gen/maca64/install/share/qcar2_interfaces/cmake/ament_cmake_export_include_directories-extras.cmake
-- Installing: /Users/cassanpierre-lo/Documents/qcar2_pkg/src/matlab_msg_gen/maca64/install/share/qcar2_interfaces/cmake/ament_cmake_export_libraries-extras.cmake
-- Installing: /Users/cassanpierre-lo/Documents/qcar2_pkg/src/matlab_msg_gen/maca64/install/share/qcar2_interfaces/cmake/ament_cmake_export_targets-extras.cmake
-- Installing: /Users/cassanpierre-lo/Documents/qcar2_pkg/src/matlab_msg_gen/maca64/install/share/qcar2_interfaces/cmake/rosidl_cmake_export_typesupport_targets-extras.cmake
-- Installing: /Users/cassanpierre-lo/Documents/qcar2_pkg/src/matlab_msg_gen/maca64/install/share/qcar2_interfaces/cmake/ament_cmake_export_dependencies-extras.cmake
-- Installing: /Users/cassanpierre-lo/Documents/qcar2_pkg/src/matlab_msg_gen/maca64/install/share/qcar2_interfaces/cmake/rosidl_cmake_export_typesupport_libraries-extras.cmake
-- Installing: /Users/cassanpierre-lo/Documents/qcar2_pkg/src/matlab_msg_gen/maca64/install/share/qcar2_interfaces/cmake/qcar2_interfacesConfig.cmake
-- Installing: /Users/cassanpierre-lo/Documents/qcar2_pkg/src/matlab_msg_gen/maca64/install/share/qcar2_interfaces/cmake/qcar2_interfacesConfig-version.cmake
-- Installing: /Users/cassanpierre-lo/Documents/qcar2_pkg/src/matlab_msg_gen/maca64/install/share/qcar2_interfaces/package.xml
