[0.020s] Invoking command in '/Users/cassanpierre-lo/Documents/qcar2_pkg/src/matlab_msg_gen/maca64/build/qcar2_interfaces': SHLVL=2 VIRTUAL_ENV_PROMPT=(venv) _=/usr/bin/env /Applications/MATLAB_R2024b.app/bin/maca64/cmake/bin/cmake /Users/cassanpierre-lo/Documents/qcar2_pkg/src/matlab_msg_gen/maca64/src/qcar2_interfaces -DCMAKE_BUILD_TYPE=Release -DBUILD_TESTING=OFF -DALIAS_ROS2_TF2=1 -DCMAKE_CXX_FLAGS_RELEASE=-O0 -G Ninja -DCMAKE_OSX_ARCHITECTURES=arm64 -DCMAKE_INSTALL_PREFIX=/Users/cassanpierre-lo/Documents/qcar2_pkg/src/matlab_msg_gen/maca64/install
[0.691s] -- The C compiler identification is AppleClang 17.0.0.17000603
[0.736s] -- The CXX compiler identification is AppleClang 17.0.0.17000603
[0.743s] -- Detecting C compiler ABI info
[0.827s] -- Detecting C compiler ABI info - done
[0.829s] -- Check for working C compiler: /Applications/Xcode.app/Contents/Developer/Toolchains/XcodeDefault.xctoolchain/usr/bin/cc - skipped
[0.829s] -- Detecting C compile features
[0.830s] -- Detecting C compile features - done
[0.834s] -- Detecting CXX compiler ABI info
[0.903s] -- Detecting CXX compiler ABI info - done
[0.906s] -- Check for working CXX compiler: /Applications/Xcode.app/Contents/Developer/Toolchains/XcodeDefault.xctoolchain/usr/bin/c++ - skipped
[0.906s] -- Detecting CXX compile features
[0.906s] -- Detecting CXX compile features - done
[0.917s] -- Found ament_cmake: 1.3.3 (/Applications/MATLAB_R2024b.app/sys/ros2/maca64/ros2/share/ament_cmake/cmake)
[1.726s] -- Found Python3: /Users/cassanpierre-lo/.matlab/R2024b/ros2/maca64/venv/bin/python3.10 (found version "3.10.11") found components: Interpreter 
[1.817s] -- Found ament_cmake_ros: 0.10.0 (/Applications/MATLAB_R2024b.app/sys/ros2/maca64/ros2/share/ament_cmake_ros/cmake)
[1.834s] -- Found rosidl_typesupport_c: 2.0.0 (/Applications/MATLAB_R2024b.app/sys/ros2/maca64/ros2/share/rosidl_typesupport_c/cmake)
[1.835s] -- Using all available rosidl_typesupport_c: rosidl_typesupport_fastrtps_c;rosidl_typesupport_introspection_c
[1.847s] -- Found rosidl_adapter: 3.1.4 (/Applications/MATLAB_R2024b.app/sys/ros2/maca64/ros2/share/rosidl_adapter/cmake)
[1.899s] -- Found rosidl_typesupport_cpp: 2.0.0 (/Applications/MATLAB_R2024b.app/sys/ros2/maca64/ros2/share/rosidl_typesupport_cpp/cmake)
[1.899s] -- Using all available rosidl_typesupport_cpp: rosidl_typesupport_fastrtps_cpp;rosidl_typesupport_introspection_cpp
[1.938s] -- Found rosidl_default_generators: 1.2.0 (/Applications/MATLAB_R2024b.app/sys/ros2/maca64/ros2/share/rosidl_default_generators/cmake)
[1.944s] -- Found class_loader: 2.2.0 (/Applications/MATLAB_R2024b.app/sys/ros2/maca64/ros2/share/class_loader/cmake)
[1.954s] -- Found rclcpp: 16.0.5 (/Applications/MATLAB_R2024b.app/sys/ros2/maca64/ros2/share/rclcpp/cmake)
[2.037s] -- Found rmw_implementation_cmake: 6.1.1 (/Applications/MATLAB_R2024b.app/sys/ros2/maca64/ros2/share/rmw_implementation_cmake/cmake)
[2.041s] -- Found rmw_fastrtps_cpp: 6.2.2 (/Applications/MATLAB_R2024b.app/sys/ros2/maca64/ros2/share/rmw_fastrtps_cpp/cmake)
[2.293s] -- Found FastRTPS: /Applications/MATLAB_R2024b.app/sys/ros2/maca64/ros2/include  
[2.300s] -- Using RMW implementation 'rmw_fastrtps_cpp' as default
[2.313s] -- Performing Test CMAKE_HAVE_LIBC_PTHREAD
[2.397s] -- Performing Test CMAKE_HAVE_LIBC_PTHREAD - Success
[2.397s] -- Found Threads: TRUE  
[2.606s] -- Using all available rosidl_typesupport_c: rosidl_typesupport_fastrtps_c;rosidl_typesupport_introspection_c
[2.672s] -- Using all available rosidl_typesupport_cpp: rosidl_typesupport_fastrtps_cpp;rosidl_typesupport_introspection_cpp
[2.681s] -- Configuring done
[2.712s] CMake Warning (dev):
[2.712s]   Policy CMP0068 is not set: RPATH settings on macOS do not affect
[2.712s]   install_name.  Run "cmake --help-policy CMP0068" for policy details.  Use
[2.712s]   the cmake_policy command to set the policy and suppress this warning.
[2.712s] 
[2.712s]   For compatibility with older versions of CMake, the install_name fields for
[2.712s]   the following targets are still affected by RPATH settings:
[2.712s] 
[2.712s]    qcar2_interfaces__rosidl_generator_c
[2.712s]    qcar2_interfaces__rosidl_typesupport_c
[2.712s]    qcar2_interfaces__rosidl_typesupport_cpp
[2.712s]    qcar2_interfaces__rosidl_typesupport_fastrtps_c
[2.712s]    qcar2_interfaces__rosidl_typesupport_fastrtps_cpp
[2.712s]    qcar2_interfaces__rosidl_typesupport_introspection_c
[2.712s]    qcar2_interfaces__rosidl_typesupport_introspection_cpp
[2.712s]    qcar2_interfaces_matlab
[2.712s] 
[2.712s] This warning is for project developers.  Use -Wno-dev to suppress it.
[2.712s] 
[2.712s] -- Generating done
[2.726s] -- Build files have been written to: /Users/cassanpierre-lo/Documents/qcar2_pkg/src/matlab_msg_gen/maca64/build/qcar2_interfaces
[2.729s] Invoked command in '/Users/cassanpierre-lo/Documents/qcar2_pkg/src/matlab_msg_gen/maca64/build/qcar2_interfaces' returned '0': SHLVL=2 VIRTUAL_ENV_PROMPT=(venv) _=/usr/bin/env /Applications/MATLAB_R2024b.app/bin/maca64/cmake/bin/cmake /Users/cassanpierre-lo/Documents/qcar2_pkg/src/matlab_msg_gen/maca64/src/qcar2_interfaces -DCMAKE_BUILD_TYPE=Release -DBUILD_TESTING=OFF -DALIAS_ROS2_TF2=1 -DCMAKE_CXX_FLAGS_RELEASE=-O0 -G Ninja -DCMAKE_OSX_ARCHITECTURES=arm64 -DCMAKE_INSTALL_PREFIX=/Users/cassanpierre-lo/Documents/qcar2_pkg/src/matlab_msg_gen/maca64/install
[2.731s] Invoking command in '/Users/cassanpierre-lo/Documents/qcar2_pkg/src/matlab_msg_gen/maca64/build/qcar2_interfaces': SHLVL=2 VIRTUAL_ENV_PROMPT=(venv) _=/usr/bin/env /Applications/MATLAB_R2024b.app/bin/maca64/cmake/bin/cmake --build /Users/cassanpierre-lo/Documents/qcar2_pkg/src/matlab_msg_gen/maca64/build/qcar2_interfaces -- -j10 -l10
[2.948s] [1/32] Generating C++ code for ROS interfaces
[2.954s] [2/32] Generating C code for ROS interfaces
[3.041s] [3/32] Building C object CMakeFiles/qcar2_interfaces__rosidl_generator_c.dir/rosidl_generator_c/qcar2_interfaces/msg/detail/boolean_leds__functions.c.o
[3.041s] [4/32] Building C object CMakeFiles/qcar2_interfaces__rosidl_generator_c.dir/rosidl_generator_c/qcar2_interfaces/msg/detail/motor_commands__functions.c.o
[3.067s] [5/32] Linking C shared library libqcar2_interfaces__rosidl_generator_c.dylib
[3.089s] [6/32] Generating C++ type support dispatch for ROS interfaces
[3.108s] [7/32] Generating C++ type support for eProsima Fast-RTPS
[3.137s] [8/32] Generating C++ introspection for ROS interfaces
[3.339s] [9/32] Generating C type support dispatch for ROS interfaces
[3.351s] [10/32] Generating C introspection for ROS interfaces
[3.357s] [11/32] Generating C type support for eProsima Fast-RTPS
[3.376s] [12/32] Building CXX object CMakeFiles/qcar2_interfaces__rosidl_typesupport_c.dir/rosidl_typesupport_c/qcar2_interfaces/msg/boolean_leds__type_support.cpp.o
[3.392s] [13/32] Building C object CMakeFiles/qcar2_interfaces__rosidl_typesupport_introspection_c.dir/rosidl_typesupport_introspection_c/qcar2_interfaces/msg/detail/boolean_leds__type_support.c.o
[3.433s] [14/32] Building C object CMakeFiles/qcar2_interfaces__rosidl_typesupport_introspection_c.dir/rosidl_typesupport_introspection_c/qcar2_interfaces/msg/detail/motor_commands__type_support.c.o
[3.491s] [15/32] Building CXX object CMakeFiles/qcar2_interfaces__rosidl_typesupport_cpp.dir/rosidl_typesupport_cpp/qcar2_interfaces/msg/boolean_leds__type_support.cpp.o
[3.492s] [16/32] Linking C shared library libqcar2_interfaces__rosidl_typesupport_introspection_c.dylib
[3.507s] [17/32] Building CXX object CMakeFiles/qcar2_interfaces__rosidl_typesupport_cpp.dir/rosidl_typesupport_cpp/qcar2_interfaces/msg/motor_commands__type_support.cpp.o
[3.521s] [18/32] Building CXX object CMakeFiles/qcar2_interfaces__rosidl_typesupport_c.dir/rosidl_typesupport_c/qcar2_interfaces/msg/motor_commands__type_support.cpp.o
[3.528s] [19/32] Building CXX object CMakeFiles/qcar2_interfaces__rosidl_typesupport_introspection_cpp.dir/rosidl_typesupport_introspection_cpp/qcar2_interfaces/msg/detail/boolean_leds__type_support.cpp.o
[3.552s] [20/32] Building CXX object CMakeFiles/qcar2_interfaces__rosidl_typesupport_fastrtps_cpp.dir/rosidl_typesupport_fastrtps_cpp/qcar2_interfaces/msg/detail/dds_fastrtps/boolean_leds__type_support.cpp.o
[3.552s] [21/32] Linking CXX shared library libqcar2_interfaces__rosidl_typesupport_cpp.dylib
[3.568s] [22/32] Linking CXX shared library libqcar2_interfaces__rosidl_typesupport_c.dylib
[3.629s] [23/32] Building CXX object CMakeFiles/qcar2_interfaces__rosidl_typesupport_fastrtps_cpp.dir/rosidl_typesupport_fastrtps_cpp/qcar2_interfaces/msg/detail/dds_fastrtps/motor_commands__type_support.cpp.o
[3.669s] [24/32] Linking CXX shared library libqcar2_interfaces__rosidl_typesupport_fastrtps_cpp.dylib
[3.730s] [25/32] Building CXX object CMakeFiles/qcar2_interfaces__rosidl_typesupport_fastrtps_c.dir/rosidl_typesupport_fastrtps_c/qcar2_interfaces/msg/detail/boolean_leds__type_support_c.cpp.o
[3.735s] [26/32] Building CXX object CMakeFiles/qcar2_interfaces__rosidl_typesupport_fastrtps_c.dir/rosidl_typesupport_fastrtps_c/qcar2_interfaces/msg/detail/motor_commands__type_support_c.cpp.o
[3.744s] [27/32] Building CXX object CMakeFiles/qcar2_interfaces__rosidl_typesupport_introspection_cpp.dir/rosidl_typesupport_introspection_cpp/qcar2_interfaces/msg/detail/motor_commands__type_support.cpp.o
[3.764s] [28/32] Linking CXX shared library libqcar2_interfaces__rosidl_typesupport_fastrtps_c.dylib
[3.773s] [29/32] Linking CXX shared library libqcar2_interfaces__rosidl_typesupport_introspection_cpp.dylib
[5.124s] [30/32] Building CXX object CMakeFiles/qcar2_interfaces_matlab.dir/src/qcar2_interfaces_MotorCommands_message.cpp.o
[5.125s] [31/32] Building CXX object CMakeFiles/qcar2_interfaces_matlab.dir/src/qcar2_interfaces_BooleanLeds_message.cpp.o
[5.160s] [32/32] Linking CXX shared library libqcar2_interfaces_matlab.dylib
[5.161s] Invoked command in '/Users/cassanpierre-lo/Documents/qcar2_pkg/src/matlab_msg_gen/maca64/build/qcar2_interfaces' returned '0': SHLVL=2 VIRTUAL_ENV_PROMPT=(venv) _=/usr/bin/env /Applications/MATLAB_R2024b.app/bin/maca64/cmake/bin/cmake --build /Users/cassanpierre-lo/Documents/qcar2_pkg/src/matlab_msg_gen/maca64/build/qcar2_interfaces -- -j10 -l10
[5.196s] Invoking command in '/Users/cassanpierre-lo/Documents/qcar2_pkg/src/matlab_msg_gen/maca64/build/qcar2_interfaces': SHLVL=2 VIRTUAL_ENV_PROMPT=(venv) _=/usr/bin/env /Applications/MATLAB_R2024b.app/bin/maca64/cmake/bin/cmake --install /Users/cassanpierre-lo/Documents/qcar2_pkg/src/matlab_msg_gen/maca64/build/qcar2_interfaces
[5.202s] -- Install configuration: "Release"
[5.202s] -- Installing: /Users/cassanpierre-lo/Documents/qcar2_pkg/src/matlab_msg_gen/maca64/install/share/ament_index/resource_index/rosidl_interfaces/qcar2_interfaces
[5.202s] -- Installing: /Users/cassanpierre-lo/Documents/qcar2_pkg/src/matlab_msg_gen/maca64/install/include/qcar2_interfaces/qcar2_interfaces
[5.202s] -- Installing: /Users/cassanpierre-lo/Documents/qcar2_pkg/src/matlab_msg_gen/maca64/install/include/qcar2_interfaces/qcar2_interfaces/msg
[5.202s] -- Installing: /Users/cassanpierre-lo/Documents/qcar2_pkg/src/matlab_msg_gen/maca64/install/include/qcar2_interfaces/qcar2_interfaces/msg/rosidl_generator_c__visibility_control.h
[5.202s] -- Installing: /Users/cassanpierre-lo/Documents/qcar2_pkg/src/matlab_msg_gen/maca64/install/include/qcar2_interfaces/qcar2_interfaces/msg/motor_commands.h
[5.202s] -- Installing: /Users/cassanpierre-lo/Documents/qcar2_pkg/src/matlab_msg_gen/maca64/install/include/qcar2_interfaces/qcar2_interfaces/msg/detail
[5.203s] -- Installing: /Users/cassanpierre-lo/Documents/qcar2_pkg/src/matlab_msg_gen/maca64/install/include/qcar2_interfaces/qcar2_interfaces/msg/detail/motor_commands__type_support.h
[5.203s] -- Installing: /Users/cassanpierre-lo/Documents/qcar2_pkg/src/matlab_msg_gen/maca64/install/include/qcar2_interfaces/qcar2_interfaces/msg/detail/motor_commands__functions.h
[5.203s] -- Installing: /Users/cassanpierre-lo/Documents/qcar2_pkg/src/matlab_msg_gen/maca64/install/include/qcar2_interfaces/qcar2_interfaces/msg/detail/boolean_leds__functions.h
[5.203s] -- Installing: /Users/cassanpierre-lo/Documents/qcar2_pkg/src/matlab_msg_gen/maca64/install/include/qcar2_interfaces/qcar2_interfaces/msg/detail/motor_commands__struct.h
[5.203s] -- Installing: /Users/cassanpierre-lo/Documents/qcar2_pkg/src/matlab_msg_gen/maca64/install/include/qcar2_interfaces/qcar2_interfaces/msg/detail/boolean_leds__type_support.h
[5.203s] -- Installing: /Users/cassanpierre-lo/Documents/qcar2_pkg/src/matlab_msg_gen/maca64/install/include/qcar2_interfaces/qcar2_interfaces/msg/detail/boolean_leds__functions.c
[5.203s] -- Installing: /Users/cassanpierre-lo/Documents/qcar2_pkg/src/matlab_msg_gen/maca64/install/include/qcar2_interfaces/qcar2_interfaces/msg/detail/boolean_leds__struct.h
[5.204s] -- Installing: /Users/cassanpierre-lo/Documents/qcar2_pkg/src/matlab_msg_gen/maca64/install/include/qcar2_interfaces/qcar2_interfaces/msg/detail/motor_commands__functions.c
[5.204s] -- Installing: /Users/cassanpierre-lo/Documents/qcar2_pkg/src/matlab_msg_gen/maca64/install/include/qcar2_interfaces/qcar2_interfaces/msg/boolean_leds.h
[5.204s] -- Installing: /Users/cassanpierre-lo/Documents/qcar2_pkg/src/matlab_msg_gen/maca64/install/share/qcar2_interfaces/environment/library_path.sh
[5.204s] -- Installing: /Users/cassanpierre-lo/Documents/qcar2_pkg/src/matlab_msg_gen/maca64/install/share/qcar2_interfaces/environment/library_path.dsv
[5.204s] -- Installing: /Users/cassanpierre-lo/Documents/qcar2_pkg/src/matlab_msg_gen/maca64/install/lib/libqcar2_interfaces__rosidl_generator_c.dylib
[5.205s] -- Up-to-date: /Users/cassanpierre-lo/Documents/qcar2_pkg/src/matlab_msg_gen/maca64/install/include/qcar2_interfaces/qcar2_interfaces
[5.205s] -- Up-to-date: /Users/cassanpierre-lo/Documents/qcar2_pkg/src/matlab_msg_gen/maca64/install/include/qcar2_interfaces/qcar2_interfaces/msg
[5.205s] -- Up-to-date: /Users/cassanpierre-lo/Documents/qcar2_pkg/src/matlab_msg_gen/maca64/install/include/qcar2_interfaces/qcar2_interfaces/msg/detail
[5.205s] -- Installing: /Users/cassanpierre-lo/Documents/qcar2_pkg/src/matlab_msg_gen/maca64/install/include/qcar2_interfaces/qcar2_interfaces/msg/detail/boolean_leds__rosidl_typesupport_fastrtps_c.h
[5.205s] -- Installing: /Users/cassanpierre-lo/Documents/qcar2_pkg/src/matlab_msg_gen/maca64/install/include/qcar2_interfaces/qcar2_interfaces/msg/detail/motor_commands__rosidl_typesupport_fastrtps_c.h
[5.205s] -- Installing: /Users/cassanpierre-lo/Documents/qcar2_pkg/src/matlab_msg_gen/maca64/install/include/qcar2_interfaces/qcar2_interfaces/msg/rosidl_typesupport_fastrtps_c__visibility_control.h
[5.205s] -- Installing: /Users/cassanpierre-lo/Documents/qcar2_pkg/src/matlab_msg_gen/maca64/install/lib/libqcar2_interfaces__rosidl_typesupport_fastrtps_c.dylib
[5.205s] -- Up-to-date: /Users/cassanpierre-lo/Documents/qcar2_pkg/src/matlab_msg_gen/maca64/install/include/qcar2_interfaces/qcar2_interfaces
[5.205s] -- Up-to-date: /Users/cassanpierre-lo/Documents/qcar2_pkg/src/matlab_msg_gen/maca64/install/include/qcar2_interfaces/qcar2_interfaces/msg
[5.206s] -- Up-to-date: /Users/cassanpierre-lo/Documents/qcar2_pkg/src/matlab_msg_gen/maca64/install/include/qcar2_interfaces/qcar2_interfaces/msg/detail
[5.206s] -- Installing: /Users/cassanpierre-lo/Documents/qcar2_pkg/src/matlab_msg_gen/maca64/install/include/qcar2_interfaces/qcar2_interfaces/msg/detail/boolean_leds__type_support.c
[5.206s] -- Installing: /Users/cassanpierre-lo/Documents/qcar2_pkg/src/matlab_msg_gen/maca64/install/include/qcar2_interfaces/qcar2_interfaces/msg/detail/motor_commands__type_support.c
[5.206s] -- Installing: /Users/cassanpierre-lo/Documents/qcar2_pkg/src/matlab_msg_gen/maca64/install/include/qcar2_interfaces/qcar2_interfaces/msg/detail/boolean_leds__rosidl_typesupport_introspection_c.h
[5.206s] -- Installing: /Users/cassanpierre-lo/Documents/qcar2_pkg/src/matlab_msg_gen/maca64/install/include/qcar2_interfaces/qcar2_interfaces/msg/detail/motor_commands__rosidl_typesupport_introspection_c.h
[5.206s] -- Installing: /Users/cassanpierre-lo/Documents/qcar2_pkg/src/matlab_msg_gen/maca64/install/include/qcar2_interfaces/qcar2_interfaces/msg/rosidl_typesupport_introspection_c__visibility_control.h
[5.206s] -- Installing: /Users/cassanpierre-lo/Documents/qcar2_pkg/src/matlab_msg_gen/maca64/install/lib/libqcar2_interfaces__rosidl_typesupport_introspection_c.dylib
[5.207s] -- Installing: /Users/cassanpierre-lo/Documents/qcar2_pkg/src/matlab_msg_gen/maca64/install/lib/libqcar2_interfaces__rosidl_typesupport_c.dylib
[5.207s] -- Up-to-date: /Users/cassanpierre-lo/Documents/qcar2_pkg/src/matlab_msg_gen/maca64/install/include/qcar2_interfaces/qcar2_interfaces
[5.207s] -- Up-to-date: /Users/cassanpierre-lo/Documents/qcar2_pkg/src/matlab_msg_gen/maca64/install/include/qcar2_interfaces/qcar2_interfaces/msg
[5.207s] -- Up-to-date: /Users/cassanpierre-lo/Documents/qcar2_pkg/src/matlab_msg_gen/maca64/install/include/qcar2_interfaces/qcar2_interfaces/msg/detail
[5.207s] -- Installing: /Users/cassanpierre-lo/Documents/qcar2_pkg/src/matlab_msg_gen/maca64/install/include/qcar2_interfaces/qcar2_interfaces/msg/detail/boolean_leds__traits.hpp
[5.207s] -- Installing: /Users/cassanpierre-lo/Documents/qcar2_pkg/src/matlab_msg_gen/maca64/install/include/qcar2_interfaces/qcar2_interfaces/msg/detail/motor_commands__traits.hpp
[5.207s] -- Installing: /Users/cassanpierre-lo/Documents/qcar2_pkg/src/matlab_msg_gen/maca64/install/include/qcar2_interfaces/qcar2_interfaces/msg/detail/boolean_leds__struct.hpp
[5.207s] -- Installing: /Users/cassanpierre-lo/Documents/qcar2_pkg/src/matlab_msg_gen/maca64/install/include/qcar2_interfaces/qcar2_interfaces/msg/detail/boolean_leds__builder.hpp
[5.207s] -- Installing: /Users/cassanpierre-lo/Documents/qcar2_pkg/src/matlab_msg_gen/maca64/install/include/qcar2_interfaces/qcar2_interfaces/msg/detail/motor_commands__builder.hpp
[5.208s] -- Installing: /Users/cassanpierre-lo/Documents/qcar2_pkg/src/matlab_msg_gen/maca64/install/include/qcar2_interfaces/qcar2_interfaces/msg/detail/motor_commands__struct.hpp
[5.208s] -- Installing: /Users/cassanpierre-lo/Documents/qcar2_pkg/src/matlab_msg_gen/maca64/install/include/qcar2_interfaces/qcar2_interfaces/msg/motor_commands.hpp
[5.208s] -- Installing: /Users/cassanpierre-lo/Documents/qcar2_pkg/src/matlab_msg_gen/maca64/install/include/qcar2_interfaces/qcar2_interfaces/msg/boolean_leds.hpp
[5.208s] -- Up-to-date: /Users/cassanpierre-lo/Documents/qcar2_pkg/src/matlab_msg_gen/maca64/install/include/qcar2_interfaces/qcar2_interfaces
[5.208s] -- Up-to-date: /Users/cassanpierre-lo/Documents/qcar2_pkg/src/matlab_msg_gen/maca64/install/include/qcar2_interfaces/qcar2_interfaces/msg
[5.208s] -- Installing: /Users/cassanpierre-lo/Documents/qcar2_pkg/src/matlab_msg_gen/maca64/install/include/qcar2_interfaces/qcar2_interfaces/msg/rosidl_typesupport_fastrtps_cpp__visibility_control.h
[5.208s] -- Up-to-date: /Users/cassanpierre-lo/Documents/qcar2_pkg/src/matlab_msg_gen/maca64/install/include/qcar2_interfaces/qcar2_interfaces/msg/detail
[5.208s] -- Installing: /Users/cassanpierre-lo/Documents/qcar2_pkg/src/matlab_msg_gen/maca64/install/include/qcar2_interfaces/qcar2_interfaces/msg/detail/motor_commands__rosidl_typesupport_fastrtps_cpp.hpp
[5.209s] -- Installing: /Users/cassanpierre-lo/Documents/qcar2_pkg/src/matlab_msg_gen/maca64/install/include/qcar2_interfaces/qcar2_interfaces/msg/detail/boolean_leds__rosidl_typesupport_fastrtps_cpp.hpp
[5.209s] -- Installing: /Users/cassanpierre-lo/Documents/qcar2_pkg/src/matlab_msg_gen/maca64/install/include/qcar2_interfaces/qcar2_interfaces/msg/detail/dds_fastrtps
[5.209s] -- Installing: /Users/cassanpierre-lo/Documents/qcar2_pkg/src/matlab_msg_gen/maca64/install/lib/libqcar2_interfaces__rosidl_typesupport_fastrtps_cpp.dylib
[5.209s] -- Up-to-date: /Users/cassanpierre-lo/Documents/qcar2_pkg/src/matlab_msg_gen/maca64/install/include/qcar2_interfaces/qcar2_interfaces
[5.209s] -- Up-to-date: /Users/cassanpierre-lo/Documents/qcar2_pkg/src/matlab_msg_gen/maca64/install/include/qcar2_interfaces/qcar2_interfaces/msg
[5.209s] -- Up-to-date: /Users/cassanpierre-lo/Documents/qcar2_pkg/src/matlab_msg_gen/maca64/install/include/qcar2_interfaces/qcar2_interfaces/msg/detail
[5.209s] -- Installing: /Users/cassanpierre-lo/Documents/qcar2_pkg/src/matlab_msg_gen/maca64/install/include/qcar2_interfaces/qcar2_interfaces/msg/detail/motor_commands__type_support.cpp
[5.209s] -- Installing: /Users/cassanpierre-lo/Documents/qcar2_pkg/src/matlab_msg_gen/maca64/install/include/qcar2_interfaces/qcar2_interfaces/msg/detail/boolean_leds__type_support.cpp
[5.210s] -- Installing: /Users/cassanpierre-lo/Documents/qcar2_pkg/src/matlab_msg_gen/maca64/install/include/qcar2_interfaces/qcar2_interfaces/msg/detail/motor_commands__rosidl_typesupport_introspection_cpp.hpp
[5.210s] -- Installing: /Users/cassanpierre-lo/Documents/qcar2_pkg/src/matlab_msg_gen/maca64/install/include/qcar2_interfaces/qcar2_interfaces/msg/detail/boolean_leds__rosidl_typesupport_introspection_cpp.hpp
[5.210s] -- Installing: /Users/cassanpierre-lo/Documents/qcar2_pkg/src/matlab_msg_gen/maca64/install/lib/libqcar2_interfaces__rosidl_typesupport_introspection_cpp.dylib
[5.210s] -- Installing: /Users/cassanpierre-lo/Documents/qcar2_pkg/src/matlab_msg_gen/maca64/install/lib/libqcar2_interfaces__rosidl_typesupport_cpp.dylib
[5.211s] -- Installing: /Users/cassanpierre-lo/Documents/qcar2_pkg/src/matlab_msg_gen/maca64/install/share/qcar2_interfaces/msg/BooleanLeds.idl
[5.211s] -- Installing: /Users/cassanpierre-lo/Documents/qcar2_pkg/src/matlab_msg_gen/maca64/install/share/qcar2_interfaces/msg/MotorCommands.idl
[5.211s] -- Installing: /Users/cassanpierre-lo/Documents/qcar2_pkg/src/matlab_msg_gen/maca64/install/share/qcar2_interfaces/msg/BooleanLeds.msg
[5.211s] -- Installing: /Users/cassanpierre-lo/Documents/qcar2_pkg/src/matlab_msg_gen/maca64/install/share/qcar2_interfaces/msg/MotorCommands.msg
[5.211s] -- Up-to-date: /Users/cassanpierre-lo/Documents/qcar2_pkg/src/matlab_msg_gen/maca64/install/include
[5.211s] -- Up-to-date: /Users/cassanpierre-lo/Documents/qcar2_pkg/src/matlab_msg_gen/maca64/install/include/qcar2_interfaces
[5.211s] -- Installing: /Users/cassanpierre-lo/Documents/qcar2_pkg/src/matlab_msg_gen/maca64/install/include/qcar2_interfaces/visibility_control.h
[5.211s] -- Installing: /Users/cassanpierre-lo/Documents/qcar2_pkg/src/matlab_msg_gen/maca64/install/lib/libqcar2_interfaces_matlab.dylib
[5.212s] -- Installing: /Users/cassanpierre-lo/Documents/qcar2_pkg/src/matlab_msg_gen/maca64/install/m/
[5.212s] -- Installing: /Users/cassanpierre-lo/Documents/qcar2_pkg/src/matlab_msg_gen/maca64/install/m//+ros
[5.212s] -- Installing: /Users/cassanpierre-lo/Documents/qcar2_pkg/src/matlab_msg_gen/maca64/install/m//+ros/+internal
[5.212s] -- Installing: /Users/cassanpierre-lo/Documents/qcar2_pkg/src/matlab_msg_gen/maca64/install/m//+ros/+internal/+ros2
[5.212s] -- Installing: /Users/cassanpierre-lo/Documents/qcar2_pkg/src/matlab_msg_gen/maca64/install/m//+ros/+internal/+ros2/+custommessages
[5.212s] -- Installing: /Users/cassanpierre-lo/Documents/qcar2_pkg/src/matlab_msg_gen/maca64/install/m//+ros/+internal/+ros2/+custommessages/+qcar2_interfaces
[5.212s] -- Installing: /Users/cassanpierre-lo/Documents/qcar2_pkg/src/matlab_msg_gen/maca64/install/m//+ros/+internal/+ros2/+custommessages/+qcar2_interfaces/motorCommands.m
[5.212s] -- Installing: /Users/cassanpierre-lo/Documents/qcar2_pkg/src/matlab_msg_gen/maca64/install/m//+ros/+internal/+ros2/+custommessages/+qcar2_interfaces/booleanLeds.m
[5.213s] -- Installing: /Users/cassanpierre-lo/Documents/qcar2_pkg/src/matlab_msg_gen/maca64/install/share/ament_index/resource_index/package_run_dependencies/qcar2_interfaces
[5.213s] -- Installing: /Users/cassanpierre-lo/Documents/qcar2_pkg/src/matlab_msg_gen/maca64/install/share/ament_index/resource_index/parent_prefix_path/qcar2_interfaces
[5.213s] -- Installing: /Users/cassanpierre-lo/Documents/qcar2_pkg/src/matlab_msg_gen/maca64/install/share/qcar2_interfaces/environment/ament_prefix_path.sh
[5.213s] -- Installing: /Users/cassanpierre-lo/Documents/qcar2_pkg/src/matlab_msg_gen/maca64/install/share/qcar2_interfaces/environment/ament_prefix_path.dsv
[5.213s] -- Installing: /Users/cassanpierre-lo/Documents/qcar2_pkg/src/matlab_msg_gen/maca64/install/share/qcar2_interfaces/environment/path.sh
[5.213s] -- Installing: /Users/cassanpierre-lo/Documents/qcar2_pkg/src/matlab_msg_gen/maca64/install/share/qcar2_interfaces/environment/path.dsv
[5.214s] -- Installing: /Users/cassanpierre-lo/Documents/qcar2_pkg/src/matlab_msg_gen/maca64/install/share/qcar2_interfaces/local_setup.bash
[5.214s] -- Installing: /Users/cassanpierre-lo/Documents/qcar2_pkg/src/matlab_msg_gen/maca64/install/share/qcar2_interfaces/local_setup.sh
[5.214s] -- Installing: /Users/cassanpierre-lo/Documents/qcar2_pkg/src/matlab_msg_gen/maca64/install/share/qcar2_interfaces/local_setup.zsh
[5.214s] -- Installing: /Users/cassanpierre-lo/Documents/qcar2_pkg/src/matlab_msg_gen/maca64/install/share/qcar2_interfaces/local_setup.dsv
[5.214s] -- Installing: /Users/cassanpierre-lo/Documents/qcar2_pkg/src/matlab_msg_gen/maca64/install/share/qcar2_interfaces/package.dsv
[5.214s] -- Installing: /Users/cassanpierre-lo/Documents/qcar2_pkg/src/matlab_msg_gen/maca64/install/share/ament_index/resource_index/packages/qcar2_interfaces
[5.215s] -- Installing: /Users/cassanpierre-lo/Documents/qcar2_pkg/src/matlab_msg_gen/maca64/install/share/qcar2_interfaces/cmake/export_qcar2_interfaces__rosidl_generator_cExport.cmake
[5.215s] -- Installing: /Users/cassanpierre-lo/Documents/qcar2_pkg/src/matlab_msg_gen/maca64/install/share/qcar2_interfaces/cmake/export_qcar2_interfaces__rosidl_generator_cExport-release.cmake
[5.215s] -- Installing: /Users/cassanpierre-lo/Documents/qcar2_pkg/src/matlab_msg_gen/maca64/install/share/qcar2_interfaces/cmake/export_qcar2_interfaces__rosidl_typesupport_fastrtps_cExport.cmake
[5.215s] -- Installing: /Users/cassanpierre-lo/Documents/qcar2_pkg/src/matlab_msg_gen/maca64/install/share/qcar2_interfaces/cmake/export_qcar2_interfaces__rosidl_typesupport_fastrtps_cExport-release.cmake
[5.215s] -- Installing: /Users/cassanpierre-lo/Documents/qcar2_pkg/src/matlab_msg_gen/maca64/install/share/qcar2_interfaces/cmake/qcar2_interfaces__rosidl_typesupport_introspection_cExport.cmake
[5.216s] -- Installing: /Users/cassanpierre-lo/Documents/qcar2_pkg/src/matlab_msg_gen/maca64/install/share/qcar2_interfaces/cmake/qcar2_interfaces__rosidl_typesupport_introspection_cExport-release.cmake
[5.216s] -- Installing: /Users/cassanpierre-lo/Documents/qcar2_pkg/src/matlab_msg_gen/maca64/install/share/qcar2_interfaces/cmake/qcar2_interfaces__rosidl_typesupport_cExport.cmake
[5.216s] -- Installing: /Users/cassanpierre-lo/Documents/qcar2_pkg/src/matlab_msg_gen/maca64/install/share/qcar2_interfaces/cmake/qcar2_interfaces__rosidl_typesupport_cExport-release.cmake
[5.217s] -- Installing: /Users/cassanpierre-lo/Documents/qcar2_pkg/src/matlab_msg_gen/maca64/install/share/qcar2_interfaces/cmake/export_qcar2_interfaces__rosidl_generator_cppExport.cmake
[5.217s] -- Installing: /Users/cassanpierre-lo/Documents/qcar2_pkg/src/matlab_msg_gen/maca64/install/share/qcar2_interfaces/cmake/export_qcar2_interfaces__rosidl_typesupport_fastrtps_cppExport.cmake
[5.217s] -- Installing: /Users/cassanpierre-lo/Documents/qcar2_pkg/src/matlab_msg_gen/maca64/install/share/qcar2_interfaces/cmake/export_qcar2_interfaces__rosidl_typesupport_fastrtps_cppExport-release.cmake
[5.218s] -- Installing: /Users/cassanpierre-lo/Documents/qcar2_pkg/src/matlab_msg_gen/maca64/install/share/qcar2_interfaces/cmake/qcar2_interfaces__rosidl_typesupport_introspection_cppExport.cmake
[5.218s] -- Installing: /Users/cassanpierre-lo/Documents/qcar2_pkg/src/matlab_msg_gen/maca64/install/share/qcar2_interfaces/cmake/qcar2_interfaces__rosidl_typesupport_introspection_cppExport-release.cmake
[5.218s] -- Installing: /Users/cassanpierre-lo/Documents/qcar2_pkg/src/matlab_msg_gen/maca64/install/share/qcar2_interfaces/cmake/qcar2_interfaces__rosidl_typesupport_cppExport.cmake
[5.219s] -- Installing: /Users/cassanpierre-lo/Documents/qcar2_pkg/src/matlab_msg_gen/maca64/install/share/qcar2_interfaces/cmake/qcar2_interfaces__rosidl_typesupport_cppExport-release.cmake
[5.219s] -- Installing: /Users/cassanpierre-lo/Documents/qcar2_pkg/src/matlab_msg_gen/maca64/install/share/qcar2_interfaces/cmake/rosidl_cmake-extras.cmake
[5.219s] -- Installing: /Users/cassanpierre-lo/Documents/qcar2_pkg/src/matlab_msg_gen/maca64/install/share/qcar2_interfaces/cmake/ament_cmake_export_include_directories-extras.cmake
[5.220s] -- Installing: /Users/cassanpierre-lo/Documents/qcar2_pkg/src/matlab_msg_gen/maca64/install/share/qcar2_interfaces/cmake/ament_cmake_export_libraries-extras.cmake
[5.220s] -- Installing: /Users/cassanpierre-lo/Documents/qcar2_pkg/src/matlab_msg_gen/maca64/install/share/qcar2_interfaces/cmake/ament_cmake_export_targets-extras.cmake
[5.221s] -- Installing: /Users/cassanpierre-lo/Documents/qcar2_pkg/src/matlab_msg_gen/maca64/install/share/qcar2_interfaces/cmake/rosidl_cmake_export_typesupport_targets-extras.cmake
[5.221s] -- Installing: /Users/cassanpierre-lo/Documents/qcar2_pkg/src/matlab_msg_gen/maca64/install/share/qcar2_interfaces/cmake/ament_cmake_export_dependencies-extras.cmake
[5.221s] -- Installing: /Users/cassanpierre-lo/Documents/qcar2_pkg/src/matlab_msg_gen/maca64/install/share/qcar2_interfaces/cmake/rosidl_cmake_export_typesupport_libraries-extras.cmake
[5.222s] -- Installing: /Users/cassanpierre-lo/Documents/qcar2_pkg/src/matlab_msg_gen/maca64/install/share/qcar2_interfaces/cmake/qcar2_interfacesConfig.cmake
[5.222s] -- Installing: /Users/cassanpierre-lo/Documents/qcar2_pkg/src/matlab_msg_gen/maca64/install/share/qcar2_interfaces/cmake/qcar2_interfacesConfig-version.cmake
[5.222s] -- Installing: /Users/cassanpierre-lo/Documents/qcar2_pkg/src/matlab_msg_gen/maca64/install/share/qcar2_interfaces/package.xml
[5.224s] Invoked command in '/Users/cassanpierre-lo/Documents/qcar2_pkg/src/matlab_msg_gen/maca64/build/qcar2_interfaces' returned '0': SHLVL=2 VIRTUAL_ENV_PROMPT=(venv) _=/usr/bin/env /Applications/MATLAB_R2024b.app/bin/maca64/cmake/bin/cmake --install /Users/cassanpierre-lo/Documents/qcar2_pkg/src/matlab_msg_gen/maca64/build/qcar2_interfaces
