[0.000000] (-) TimerEvent: {}
[0.000064] (qcar2_interfaces) JobQueued: {'identifier': 'qcar2_interfaces', 'dependencies': OrderedDict()}
[0.000215] (qcar2_interfaces) JobStarted: {'identifier': 'qcar2_interfaces'}
[0.018602] (qcar2_interfaces) JobProgress: {'identifier': 'qcar2_interfaces', 'progress': 'cmake'}
[0.018735] (qcar2_interfaces) Command: {'cmd': ['/Applications/MATLAB_R2024b.app/bin/maca64/cmake/bin/cmake', '/Users/cassanpierre-lo/Documents/qcar2_pkg/src/matlab_msg_gen/maca64/src/qcar2_interfaces', '-DCMAKE_BUILD_TYPE=Release', '-DBUILD_TESTING=OFF', '-DALIAS_ROS2_TF2=1', '-DCMAKE_CXX_FLAGS_RELEASE=-O0', '-G', 'Ninja', '-DCMAKE_OSX_ARCHITECTURES=arm64', '-DCMAKE_INSTALL_PREFIX=/Users/cassanpierre-lo/Documents/qcar2_pkg/src/matlab_msg_gen/maca64/install'], 'cwd': '/Users/cassanpierre-lo/Documents/qcar2_pkg/src/matlab_msg_gen/maca64/build/qcar2_interfaces', 'env': OrderedDict([('ICU_TIMEZONE_FILES_DIR', '/Applications/MATLAB_R2024b.app/bin/icutzdata'), ('CMAKE_PATH', '/Applications/MATLAB_R2024b.app/bin/maca64/cmake/bin'), ('CUSTOM_AMENT_PREFIX_PATH', '/Applications/MATLAB_R2024b.app/sys/ros2/maca64/ros2'), ('SHELL', '/bin/zsh'), ('TERM', 'dumb'), ('TMPDIR', '/var/folders/f4/lr7dbpl54dz64dtvn0hx__v80000gn/T/'), ('MATLAB_MEM_MGR_VALUE', ''), ('LC_NUMERIC', 'C'), ('MW_DESKTOP_IGNORE_STDIN', '1'), ('COLCON_PREFIX_PATH', '/Applications/MATLAB_R2024b.app/sys/ros2/maca64/ros2:/Applications/MATLAB_R2024b.app/sys/ros2/maca64/ros2'), ('AMENT_PREFIX_PATH', '/Applications/MATLAB_R2024b.app/sys/ros2/maca64/ros2:/Applications/MATLAB_R2024b.app/sys/ros2/maca64/ros2'), ('USER', 'cassanpierre-lo'), ('LD_LIBRARY_PATH', ':/Applications/MATLAB_R2024b.app/sys/ros2/maca64/ros2/lib:'), ('COMMAND_MODE', 'unix2003'), ('SSH_AUTH_SOCK', '/private/tmp/com.apple.launchd.hDjV35Co0h/Listeners'), ('KMP_INIT_AT_FORK', 'false'), ('__CF_USER_TEXT_ENCODING', '0x1F5:0x0:0x1'), ('VIRTUAL_ENV', '/Users/cassanpierre-lo/.matlab/R2024b/ros2/maca64/venv'), ('PATH', '/Applications/MATLAB_R2024b.app/bin/maca64/cmake/bin::/Applications/MATLAB_R2024b.app/sys/ros2/maca64/ros2/bin:/Users/cassanpierre-lo/.matlab/R2024b/ros2/maca64/venv/bin:/Users/cassanpierre-lo/.matlab/R2024b/ros2/maca64/venv/bin:/Applications/MATLAB_R2024b.app/toolbox/shared/coder/ninja/maca64:/usr/bin:/bin:/usr/sbin:/sbin'), ('KMP_HANDLE_SIGNALS', '0'), ('__CFBundleIdentifier', 'com.mathworks.matlab'), ('PWD', '/Users/cassanpierre-lo/Documents/qcar2_pkg/src/matlab_msg_gen/maca64/build/qcar2_interfaces'), ('COLCON', '1'), ('MATLAB_USE_USERWORK', ''), ('LANG', 'fr_FR.UTF-8'), ('XPC_FLAGS', '0x0'), ('CUSTOM_PATH', ''), ('XPC_SERVICE_NAME', '0'), ('HOME', '/Users/cassanpierre-lo'), ('KMP_BLOCKTIME', '1'), ('SHLVL', '2'), ('CUSTOM_LD_LIBRARY_PATH', ''), ('ROS_DISTRO', 'humble'), ('LOCAL_PYTHON_VENV_PATH', '/Users/cassanpierre-lo/.matlab/R2024b/ros2/maca64/venv'), ('LOGNAME', 'cassanpierre-lo'), ('CUSTOM_SITE_PACKAGES_PATH', ''), ('PYTHONPATH', ':/Applications/MATLAB_R2024b.app/sys/ros2/maca64/ros2/lib/python3.9/site-packages:/Users/cassanpierre-lo/.matlab/R2024b/ros2/maca64/venv/lib/python3.10/site-packages:'), ('KMP_STACKSIZE', '512k'), ('PKG_CONFIG_PATH', '/Applications/MATLAB_R2024b.app/sys/ros2/maca64/ros2/lib/pkgconfig'), ('CMAKE_PREFIX_PATH', '/Applications/MATLAB_R2024b.app/sys/ros2/maca64/ros2:/Applications/MATLAB_R2024b.app/sys/ros2/maca64/ros2'), ('OSLogRateLimit', '64'), ('VIRTUAL_ENV_PROMPT', '(venv)'), ('_', '/usr/bin/env')]), 'shell': False}
[0.104938] (-) TimerEvent: {}
[0.210072] (-) TimerEvent: {}
[0.315176] (-) TimerEvent: {}
[0.420284] (-) TimerEvent: {}
[0.525376] (-) TimerEvent: {}
[0.630474] (-) TimerEvent: {}
[0.691201] (qcar2_interfaces) StdoutLine: {'line': b'-- The C compiler identification is AppleClang 17.0.0.17000603\n'}
[0.735502] (-) TimerEvent: {}
[0.736413] (qcar2_interfaces) StdoutLine: {'line': b'-- The CXX compiler identification is AppleClang 17.0.0.17000603\n'}
[0.743654] (qcar2_interfaces) StdoutLine: {'line': b'-- Detecting C compiler ABI info\n'}
[0.826978] (qcar2_interfaces) StdoutLine: {'line': b'-- Detecting C compiler ABI info - done\n'}
[0.829412] (qcar2_interfaces) StdoutLine: {'line': b'-- Check for working C compiler: /Applications/Xcode.app/Contents/Developer/Toolchains/XcodeDefault.xctoolchain/usr/bin/cc - skipped\n'}
[0.829686] (qcar2_interfaces) StdoutLine: {'line': b'-- Detecting C compile features\n'}
[0.830116] (qcar2_interfaces) StdoutLine: {'line': b'-- Detecting C compile features - done\n'}
[0.833961] (qcar2_interfaces) StdoutLine: {'line': b'-- Detecting CXX compiler ABI info\n'}
[0.835880] (-) TimerEvent: {}
[0.903393] (qcar2_interfaces) StdoutLine: {'line': b'-- Detecting CXX compiler ABI info - done\n'}
[0.905941] (qcar2_interfaces) StdoutLine: {'line': b'-- Check for working CXX compiler: /Applications/Xcode.app/Contents/Developer/Toolchains/XcodeDefault.xctoolchain/usr/bin/c++ - skipped\n'}
[0.906102] (qcar2_interfaces) StdoutLine: {'line': b'-- Detecting CXX compile features\n'}
[0.906386] (qcar2_interfaces) StdoutLine: {'line': b'-- Detecting CXX compile features - done\n'}
[0.916742] (qcar2_interfaces) StdoutLine: {'line': b'-- Found ament_cmake: 1.3.3 (/Applications/MATLAB_R2024b.app/sys/ros2/maca64/ros2/share/ament_cmake/cmake)\n'}
[0.940670] (-) TimerEvent: {}
[1.045760] (-) TimerEvent: {}
[1.150923] (-) TimerEvent: {}
[1.256056] (-) TimerEvent: {}
[1.361158] (-) TimerEvent: {}
[1.466260] (-) TimerEvent: {}
[1.568037] (-) TimerEvent: {}
[1.673127] (-) TimerEvent: {}
[1.726363] (qcar2_interfaces) StdoutLine: {'line': b'-- Found Python3: /Users/cassanpierre-lo/.matlab/R2024b/ros2/maca64/venv/bin/python3.10 (found version "3.10.11") found components: Interpreter \n'}
[1.778152] (-) TimerEvent: {}
[1.817022] (qcar2_interfaces) StdoutLine: {'line': b'-- Found ament_cmake_ros: 0.10.0 (/Applications/MATLAB_R2024b.app/sys/ros2/maca64/ros2/share/ament_cmake_ros/cmake)\n'}
[1.834380] (qcar2_interfaces) StdoutLine: {'line': b'-- Found rosidl_typesupport_c: 2.0.0 (/Applications/MATLAB_R2024b.app/sys/ros2/maca64/ros2/share/rosidl_typesupport_c/cmake)\n'}
[1.835083] (qcar2_interfaces) StdoutLine: {'line': b'-- Using all available rosidl_typesupport_c: rosidl_typesupport_fastrtps_c;rosidl_typesupport_introspection_c\n'}
[1.847232] (qcar2_interfaces) StdoutLine: {'line': b'-- Found rosidl_adapter: 3.1.4 (/Applications/MATLAB_R2024b.app/sys/ros2/maca64/ros2/share/rosidl_adapter/cmake)\n'}
[1.883159] (-) TimerEvent: {}
[1.899109] (qcar2_interfaces) StdoutLine: {'line': b'-- Found rosidl_typesupport_cpp: 2.0.0 (/Applications/MATLAB_R2024b.app/sys/ros2/maca64/ros2/share/rosidl_typesupport_cpp/cmake)\n'}
[1.899680] (qcar2_interfaces) StdoutLine: {'line': b'-- Using all available rosidl_typesupport_cpp: rosidl_typesupport_fastrtps_cpp;rosidl_typesupport_introspection_cpp\n'}
[1.938237] (qcar2_interfaces) StdoutLine: {'line': b'-- Found rosidl_default_generators: 1.2.0 (/Applications/MATLAB_R2024b.app/sys/ros2/maca64/ros2/share/rosidl_default_generators/cmake)\n'}
[1.943766] (qcar2_interfaces) StdoutLine: {'line': b'-- Found class_loader: 2.2.0 (/Applications/MATLAB_R2024b.app/sys/ros2/maca64/ros2/share/class_loader/cmake)\n'}
[1.953792] (qcar2_interfaces) StdoutLine: {'line': b'-- Found rclcpp: 16.0.5 (/Applications/MATLAB_R2024b.app/sys/ros2/maca64/ros2/share/rclcpp/cmake)\n'}
[1.988170] (-) TimerEvent: {}
[2.036927] (qcar2_interfaces) StdoutLine: {'line': b'-- Found rmw_implementation_cmake: 6.1.1 (/Applications/MATLAB_R2024b.app/sys/ros2/maca64/ros2/share/rmw_implementation_cmake/cmake)\n'}
[2.041303] (qcar2_interfaces) StdoutLine: {'line': b'-- Found rmw_fastrtps_cpp: 6.2.2 (/Applications/MATLAB_R2024b.app/sys/ros2/maca64/ros2/share/rmw_fastrtps_cpp/cmake)\n'}
[2.093180] (-) TimerEvent: {}
[2.198235] (-) TimerEvent: {}
[2.293580] (qcar2_interfaces) StdoutLine: {'line': b'-- Found FastRTPS: /Applications/MATLAB_R2024b.app/sys/ros2/maca64/ros2/include  \n'}
[2.299388] (-) TimerEvent: {}
[2.300421] (qcar2_interfaces) StdoutLine: {'line': b"-- Using RMW implementation 'rmw_fastrtps_cpp' as default\n"}
[2.313288] (qcar2_interfaces) StdoutLine: {'line': b'-- Performing Test CMAKE_HAVE_LIBC_PTHREAD\n'}
[2.397040] (qcar2_interfaces) StdoutLine: {'line': b'-- Performing Test CMAKE_HAVE_LIBC_PTHREAD - Success\n'}
[2.397594] (qcar2_interfaces) StdoutLine: {'line': b'-- Found Threads: TRUE  \n'}
[2.399833] (-) TimerEvent: {}
[2.504895] (-) TimerEvent: {}
[2.606603] (qcar2_interfaces) StdoutLine: {'line': b'-- Using all available rosidl_typesupport_c: rosidl_typesupport_fastrtps_c;rosidl_typesupport_introspection_c\n'}
[2.606681] (-) TimerEvent: {}
[2.671889] (qcar2_interfaces) StdoutLine: {'line': b'-- Using all available rosidl_typesupport_cpp: rosidl_typesupport_fastrtps_cpp;rosidl_typesupport_introspection_cpp\n'}
[2.681436] (qcar2_interfaces) StdoutLine: {'line': b'-- Configuring done\n'}
[2.711699] (-) TimerEvent: {}
[2.711869] (qcar2_interfaces) StderrLine: {'line': b'CMake Warning (dev):\n'}
[2.711935] (qcar2_interfaces) StderrLine: {'line': b'  Policy CMP0068 is not set: RPATH settings on macOS do not affect\n'}
[2.711962] (qcar2_interfaces) StderrLine: {'line': b'  install_name.  Run "cmake --help-policy CMP0068" for policy details.  Use\n'}
[2.711986] (qcar2_interfaces) StderrLine: {'line': b'  the cmake_policy command to set the policy and suppress this warning.\n'}
[2.712009] (qcar2_interfaces) StderrLine: {'line': b'\n'}
[2.712032] (qcar2_interfaces) StderrLine: {'line': b'  For compatibility with older versions of CMake, the install_name fields for\n'}
[2.712055] (qcar2_interfaces) StderrLine: {'line': b'  the following targets are still affected by RPATH settings:\n'}
[2.712077] (qcar2_interfaces) StderrLine: {'line': b'\n'}
[2.712097] (qcar2_interfaces) StderrLine: {'line': b'   qcar2_interfaces__rosidl_generator_c\n'}
[2.712122] (qcar2_interfaces) StderrLine: {'line': b'   qcar2_interfaces__rosidl_typesupport_c\n'}
[2.712142] (qcar2_interfaces) StderrLine: {'line': b'   qcar2_interfaces__rosidl_typesupport_cpp\n'}
[2.712161] (qcar2_interfaces) StderrLine: {'line': b'   qcar2_interfaces__rosidl_typesupport_fastrtps_c\n'}
[2.712181] (qcar2_interfaces) StderrLine: {'line': b'   qcar2_interfaces__rosidl_typesupport_fastrtps_cpp\n'}
[2.712202] (qcar2_interfaces) StderrLine: {'line': b'   qcar2_interfaces__rosidl_typesupport_introspection_c\n'}
[2.712223] (qcar2_interfaces) StderrLine: {'line': b'   qcar2_interfaces__rosidl_typesupport_introspection_cpp\n'}
[2.712244] (qcar2_interfaces) StderrLine: {'line': b'   qcar2_interfaces_matlab\n'}
[2.712265] (qcar2_interfaces) StderrLine: {'line': b'\n'}
[2.712287] (qcar2_interfaces) StderrLine: {'line': b'This warning is for project developers.  Use -Wno-dev to suppress it.\n'}
[2.712307] (qcar2_interfaces) StderrLine: {'line': b'\n'}
[2.712326] (qcar2_interfaces) StdoutLine: {'line': b'-- Generating done\n'}
[2.725931] (qcar2_interfaces) StdoutLine: {'line': b'-- Build files have been written to: /Users/cassanpierre-lo/Documents/qcar2_pkg/src/matlab_msg_gen/maca64/build/qcar2_interfaces\n'}
[2.728878] (qcar2_interfaces) CommandEnded: {'returncode': 0}
[2.729473] (qcar2_interfaces) JobProgress: {'identifier': 'qcar2_interfaces', 'progress': 'build'}
[2.730458] (qcar2_interfaces) Command: {'cmd': ['/Applications/MATLAB_R2024b.app/bin/maca64/cmake/bin/cmake', '--build', '/Users/cassanpierre-lo/Documents/qcar2_pkg/src/matlab_msg_gen/maca64/build/qcar2_interfaces', '--', '-j10', '-l10'], 'cwd': '/Users/cassanpierre-lo/Documents/qcar2_pkg/src/matlab_msg_gen/maca64/build/qcar2_interfaces', 'env': OrderedDict([('ICU_TIMEZONE_FILES_DIR', '/Applications/MATLAB_R2024b.app/bin/icutzdata'), ('CMAKE_PATH', '/Applications/MATLAB_R2024b.app/bin/maca64/cmake/bin'), ('CUSTOM_AMENT_PREFIX_PATH', '/Applications/MATLAB_R2024b.app/sys/ros2/maca64/ros2'), ('SHELL', '/bin/zsh'), ('TERM', 'dumb'), ('TMPDIR', '/var/folders/f4/lr7dbpl54dz64dtvn0hx__v80000gn/T/'), ('MATLAB_MEM_MGR_VALUE', ''), ('LC_NUMERIC', 'C'), ('MW_DESKTOP_IGNORE_STDIN', '1'), ('COLCON_PREFIX_PATH', '/Applications/MATLAB_R2024b.app/sys/ros2/maca64/ros2:/Applications/MATLAB_R2024b.app/sys/ros2/maca64/ros2'), ('AMENT_PREFIX_PATH', '/Applications/MATLAB_R2024b.app/sys/ros2/maca64/ros2:/Applications/MATLAB_R2024b.app/sys/ros2/maca64/ros2'), ('USER', 'cassanpierre-lo'), ('LD_LIBRARY_PATH', ':/Applications/MATLAB_R2024b.app/sys/ros2/maca64/ros2/lib:'), ('COMMAND_MODE', 'unix2003'), ('SSH_AUTH_SOCK', '/private/tmp/com.apple.launchd.hDjV35Co0h/Listeners'), ('KMP_INIT_AT_FORK', 'false'), ('__CF_USER_TEXT_ENCODING', '0x1F5:0x0:0x1'), ('VIRTUAL_ENV', '/Users/cassanpierre-lo/.matlab/R2024b/ros2/maca64/venv'), ('PATH', '/Applications/MATLAB_R2024b.app/bin/maca64/cmake/bin::/Applications/MATLAB_R2024b.app/sys/ros2/maca64/ros2/bin:/Users/cassanpierre-lo/.matlab/R2024b/ros2/maca64/venv/bin:/Users/cassanpierre-lo/.matlab/R2024b/ros2/maca64/venv/bin:/Applications/MATLAB_R2024b.app/toolbox/shared/coder/ninja/maca64:/usr/bin:/bin:/usr/sbin:/sbin'), ('KMP_HANDLE_SIGNALS', '0'), ('__CFBundleIdentifier', 'com.mathworks.matlab'), ('PWD', '/Users/cassanpierre-lo/Documents/qcar2_pkg/src/matlab_msg_gen/maca64/build/qcar2_interfaces'), ('COLCON', '1'), ('MATLAB_USE_USERWORK', ''), ('LANG', 'fr_FR.UTF-8'), ('XPC_FLAGS', '0x0'), ('CUSTOM_PATH', ''), ('XPC_SERVICE_NAME', '0'), ('HOME', '/Users/cassanpierre-lo'), ('KMP_BLOCKTIME', '1'), ('SHLVL', '2'), ('CUSTOM_LD_LIBRARY_PATH', ''), ('ROS_DISTRO', 'humble'), ('LOCAL_PYTHON_VENV_PATH', '/Users/cassanpierre-lo/.matlab/R2024b/ros2/maca64/venv'), ('LOGNAME', 'cassanpierre-lo'), ('CUSTOM_SITE_PACKAGES_PATH', ''), ('PYTHONPATH', ':/Applications/MATLAB_R2024b.app/sys/ros2/maca64/ros2/lib/python3.9/site-packages:/Users/cassanpierre-lo/.matlab/R2024b/ros2/maca64/venv/lib/python3.10/site-packages:'), ('KMP_STACKSIZE', '512k'), ('PKG_CONFIG_PATH', '/Applications/MATLAB_R2024b.app/sys/ros2/maca64/ros2/lib/pkgconfig'), ('CMAKE_PREFIX_PATH', '/Applications/MATLAB_R2024b.app/sys/ros2/maca64/ros2:/Applications/MATLAB_R2024b.app/sys/ros2/maca64/ros2'), ('OSLogRateLimit', '64'), ('VIRTUAL_ENV_PROMPT', '(venv)'), ('_', '/usr/bin/env')]), 'shell': False}
[2.816838] (-) TimerEvent: {}
[2.921984] (-) TimerEvent: {}
[2.948288] (qcar2_interfaces) StdoutLine: {'line': b'[1/32] Generating C++ code for ROS interfaces\n'}
[2.954298] (qcar2_interfaces) StdoutLine: {'line': b'[2/32] Generating C code for ROS interfaces\n'}
[3.027024] (-) TimerEvent: {}
[3.041214] (qcar2_interfaces) StdoutLine: {'line': b'[3/32] Building C object CMakeFiles/qcar2_interfaces__rosidl_generator_c.dir/rosidl_generator_c/qcar2_interfaces/msg/detail/boolean_leds__functions.c.o\n'}
[3.041496] (qcar2_interfaces) StdoutLine: {'line': b'[4/32] Building C object CMakeFiles/qcar2_interfaces__rosidl_generator_c.dir/rosidl_generator_c/qcar2_interfaces/msg/detail/motor_commands__functions.c.o\n'}
[3.067163] (qcar2_interfaces) StdoutLine: {'line': b'[5/32] Linking C shared library libqcar2_interfaces__rosidl_generator_c.dylib\n'}
[3.089313] (qcar2_interfaces) StdoutLine: {'line': b'[6/32] Generating C++ type support dispatch for ROS interfaces\n'}
[3.108463] (qcar2_interfaces) StdoutLine: {'line': b'[7/32] Generating C++ type support for eProsima Fast-RTPS\n'}
[3.129600] (-) TimerEvent: {}
[3.136581] (qcar2_interfaces) StdoutLine: {'line': b'[8/32] Generating C++ introspection for ROS interfaces\n'}
[3.234676] (-) TimerEvent: {}
[3.338835] (qcar2_interfaces) StdoutLine: {'line': b'[9/32] Generating C type support dispatch for ROS interfaces\n'}
[3.339028] (-) TimerEvent: {}
[3.351436] (qcar2_interfaces) StdoutLine: {'line': b'[10/32] Generating C introspection for ROS interfaces\n'}
[3.356934] (qcar2_interfaces) StdoutLine: {'line': b'[11/32] Generating C type support for eProsima Fast-RTPS\n'}
[3.376409] (qcar2_interfaces) StdoutLine: {'line': b'[12/32] Building CXX object CMakeFiles/qcar2_interfaces__rosidl_typesupport_c.dir/rosidl_typesupport_c/qcar2_interfaces/msg/boolean_leds__type_support.cpp.o\n'}
[3.391949] (qcar2_interfaces) StdoutLine: {'line': b'[13/32] Building C object CMakeFiles/qcar2_interfaces__rosidl_typesupport_introspection_c.dir/rosidl_typesupport_introspection_c/qcar2_interfaces/msg/detail/boolean_leds__type_support.c.o\n'}
[3.432908] (qcar2_interfaces) StdoutLine: {'line': b'[14/32] Building C object CMakeFiles/qcar2_interfaces__rosidl_typesupport_introspection_c.dir/rosidl_typesupport_introspection_c/qcar2_interfaces/msg/detail/motor_commands__type_support.c.o\n'}
[3.440647] (-) TimerEvent: {}
[3.491317] (qcar2_interfaces) StdoutLine: {'line': b'[15/32] Building CXX object CMakeFiles/qcar2_interfaces__rosidl_typesupport_cpp.dir/rosidl_typesupport_cpp/qcar2_interfaces/msg/boolean_leds__type_support.cpp.o\n'}
[3.492308] (qcar2_interfaces) StdoutLine: {'line': b'[16/32] Linking C shared library libqcar2_interfaces__rosidl_typesupport_introspection_c.dylib\n'}
[3.507461] (qcar2_interfaces) StdoutLine: {'line': b'[17/32] Building CXX object CMakeFiles/qcar2_interfaces__rosidl_typesupport_cpp.dir/rosidl_typesupport_cpp/qcar2_interfaces/msg/motor_commands__type_support.cpp.o\n'}
[3.521257] (qcar2_interfaces) StdoutLine: {'line': b'[18/32] Building CXX object CMakeFiles/qcar2_interfaces__rosidl_typesupport_c.dir/rosidl_typesupport_c/qcar2_interfaces/msg/motor_commands__type_support.cpp.o\n'}
[3.527834] (qcar2_interfaces) StdoutLine: {'line': b'[19/32] Building CXX object CMakeFiles/qcar2_interfaces__rosidl_typesupport_introspection_cpp.dir/rosidl_typesupport_introspection_cpp/qcar2_interfaces/msg/detail/boolean_leds__type_support.cpp.o\n'}
[3.544429] (-) TimerEvent: {}
[3.551754] (qcar2_interfaces) StdoutLine: {'line': b'[20/32] Building CXX object CMakeFiles/qcar2_interfaces__rosidl_typesupport_fastrtps_cpp.dir/rosidl_typesupport_fastrtps_cpp/qcar2_interfaces/msg/detail/dds_fastrtps/boolean_leds__type_support.cpp.o\n'}
[3.552085] (qcar2_interfaces) StdoutLine: {'line': b'[21/32] Linking CXX shared library libqcar2_interfaces__rosidl_typesupport_cpp.dylib\n'}
[3.568549] (qcar2_interfaces) StdoutLine: {'line': b'[22/32] Linking CXX shared library libqcar2_interfaces__rosidl_typesupport_c.dylib\n'}
[3.629184] (qcar2_interfaces) StdoutLine: {'line': b'[23/32] Building CXX object CMakeFiles/qcar2_interfaces__rosidl_typesupport_fastrtps_cpp.dir/rosidl_typesupport_fastrtps_cpp/qcar2_interfaces/msg/detail/dds_fastrtps/motor_commands__type_support.cpp.o\n'}
[3.648246] (-) TimerEvent: {}
[3.669234] (qcar2_interfaces) StdoutLine: {'line': b'[24/32] Linking CXX shared library libqcar2_interfaces__rosidl_typesupport_fastrtps_cpp.dylib\n'}
[3.730303] (qcar2_interfaces) StdoutLine: {'line': b'[25/32] Building CXX object CMakeFiles/qcar2_interfaces__rosidl_typesupport_fastrtps_c.dir/rosidl_typesupport_fastrtps_c/qcar2_interfaces/msg/detail/boolean_leds__type_support_c.cpp.o\n'}
[3.735265] (qcar2_interfaces) StdoutLine: {'line': b'[26/32] Building CXX object CMakeFiles/qcar2_interfaces__rosidl_typesupport_fastrtps_c.dir/rosidl_typesupport_fastrtps_c/qcar2_interfaces/msg/detail/motor_commands__type_support_c.cpp.o\n'}
[3.743945] (qcar2_interfaces) StdoutLine: {'line': b'[27/32] Building CXX object CMakeFiles/qcar2_interfaces__rosidl_typesupport_introspection_cpp.dir/rosidl_typesupport_introspection_cpp/qcar2_interfaces/msg/detail/motor_commands__type_support.cpp.o\n'}
[3.749312] (-) TimerEvent: {}
[3.764431] (qcar2_interfaces) StdoutLine: {'line': b'[28/32] Linking CXX shared library libqcar2_interfaces__rosidl_typesupport_fastrtps_c.dylib\n'}
[3.773285] (qcar2_interfaces) StdoutLine: {'line': b'[29/32] Linking CXX shared library libqcar2_interfaces__rosidl_typesupport_introspection_cpp.dylib\n'}
[3.854344] (-) TimerEvent: {}
[3.954644] (-) TimerEvent: {}
[4.059768] (-) TimerEvent: {}
[4.164870] (-) TimerEvent: {}
[4.269968] (-) TimerEvent: {}
[4.375075] (-) TimerEvent: {}
[4.480208] (-) TimerEvent: {}
[4.585311] (-) TimerEvent: {}
[4.690417] (-) TimerEvent: {}
[4.792186] (-) TimerEvent: {}
[4.897308] (-) TimerEvent: {}
[5.000191] (-) TimerEvent: {}
[5.102365] (-) TimerEvent: {}
[5.124020] (qcar2_interfaces) StdoutLine: {'line': b'[30/32] Building CXX object CMakeFiles/qcar2_interfaces_matlab.dir/src/qcar2_interfaces_MotorCommands_message.cpp.o\n'}
[5.125036] (qcar2_interfaces) StdoutLine: {'line': b'[31/32] Building CXX object CMakeFiles/qcar2_interfaces_matlab.dir/src/qcar2_interfaces_BooleanLeds_message.cpp.o\n'}
[5.159832] (qcar2_interfaces) StdoutLine: {'line': b'[32/32] Linking CXX shared library libqcar2_interfaces_matlab.dylib\n'}
[5.160915] (qcar2_interfaces) CommandEnded: {'returncode': 0}
[5.187196] (qcar2_interfaces) JobProgress: {'identifier': 'qcar2_interfaces', 'progress': 'install'}
[5.195853] (qcar2_interfaces) Command: {'cmd': ['/Applications/MATLAB_R2024b.app/bin/maca64/cmake/bin/cmake', '--install', '/Users/cassanpierre-lo/Documents/qcar2_pkg/src/matlab_msg_gen/maca64/build/qcar2_interfaces'], 'cwd': '/Users/cassanpierre-lo/Documents/qcar2_pkg/src/matlab_msg_gen/maca64/build/qcar2_interfaces', 'env': OrderedDict([('ICU_TIMEZONE_FILES_DIR', '/Applications/MATLAB_R2024b.app/bin/icutzdata'), ('CMAKE_PATH', '/Applications/MATLAB_R2024b.app/bin/maca64/cmake/bin'), ('CUSTOM_AMENT_PREFIX_PATH', '/Applications/MATLAB_R2024b.app/sys/ros2/maca64/ros2'), ('SHELL', '/bin/zsh'), ('TERM', 'dumb'), ('TMPDIR', '/var/folders/f4/lr7dbpl54dz64dtvn0hx__v80000gn/T/'), ('MATLAB_MEM_MGR_VALUE', ''), ('LC_NUMERIC', 'C'), ('MW_DESKTOP_IGNORE_STDIN', '1'), ('COLCON_PREFIX_PATH', '/Applications/MATLAB_R2024b.app/sys/ros2/maca64/ros2:/Applications/MATLAB_R2024b.app/sys/ros2/maca64/ros2'), ('AMENT_PREFIX_PATH', '/Applications/MATLAB_R2024b.app/sys/ros2/maca64/ros2:/Applications/MATLAB_R2024b.app/sys/ros2/maca64/ros2'), ('USER', 'cassanpierre-lo'), ('LD_LIBRARY_PATH', ':/Applications/MATLAB_R2024b.app/sys/ros2/maca64/ros2/lib:'), ('COMMAND_MODE', 'unix2003'), ('SSH_AUTH_SOCK', '/private/tmp/com.apple.launchd.hDjV35Co0h/Listeners'), ('KMP_INIT_AT_FORK', 'false'), ('__CF_USER_TEXT_ENCODING', '0x1F5:0x0:0x1'), ('VIRTUAL_ENV', '/Users/cassanpierre-lo/.matlab/R2024b/ros2/maca64/venv'), ('PATH', '/Applications/MATLAB_R2024b.app/bin/maca64/cmake/bin::/Applications/MATLAB_R2024b.app/sys/ros2/maca64/ros2/bin:/Users/cassanpierre-lo/.matlab/R2024b/ros2/maca64/venv/bin:/Users/cassanpierre-lo/.matlab/R2024b/ros2/maca64/venv/bin:/Applications/MATLAB_R2024b.app/toolbox/shared/coder/ninja/maca64:/usr/bin:/bin:/usr/sbin:/sbin'), ('KMP_HANDLE_SIGNALS', '0'), ('__CFBundleIdentifier', 'com.mathworks.matlab'), ('PWD', '/Users/cassanpierre-lo/Documents/qcar2_pkg/src/matlab_msg_gen/maca64/build/qcar2_interfaces'), ('COLCON', '1'), ('MATLAB_USE_USERWORK', ''), ('LANG', 'fr_FR.UTF-8'), ('XPC_FLAGS', '0x0'), ('CUSTOM_PATH', ''), ('XPC_SERVICE_NAME', '0'), ('HOME', '/Users/cassanpierre-lo'), ('KMP_BLOCKTIME', '1'), ('SHLVL', '2'), ('CUSTOM_LD_LIBRARY_PATH', ''), ('ROS_DISTRO', 'humble'), ('LOCAL_PYTHON_VENV_PATH', '/Users/cassanpierre-lo/.matlab/R2024b/ros2/maca64/venv'), ('LOGNAME', 'cassanpierre-lo'), ('CUSTOM_SITE_PACKAGES_PATH', ''), ('PYTHONPATH', ':/Applications/MATLAB_R2024b.app/sys/ros2/maca64/ros2/lib/python3.9/site-packages:/Users/cassanpierre-lo/.matlab/R2024b/ros2/maca64/venv/lib/python3.10/site-packages:'), ('KMP_STACKSIZE', '512k'), ('PKG_CONFIG_PATH', '/Applications/MATLAB_R2024b.app/sys/ros2/maca64/ros2/lib/pkgconfig'), ('CMAKE_PREFIX_PATH', '/Applications/MATLAB_R2024b.app/sys/ros2/maca64/ros2:/Applications/MATLAB_R2024b.app/sys/ros2/maca64/ros2'), ('OSLogRateLimit', '64'), ('VIRTUAL_ENV_PROMPT', '(venv)'), ('_', '/usr/bin/env')]), 'shell': False}
[5.201770] (qcar2_interfaces) StdoutLine: {'line': b'-- Install configuration: "Release"\n'}
[5.201957] (qcar2_interfaces) StdoutLine: {'line': b'-- Installing: /Users/cassanpierre-lo/Documents/qcar2_pkg/src/matlab_msg_gen/maca64/install/share/ament_index/resource_index/rosidl_interfaces/qcar2_interfaces\n'}
[5.202127] (qcar2_interfaces) StdoutLine: {'line': b'-- Installing: /Users/cassanpierre-lo/Documents/qcar2_pkg/src/matlab_msg_gen/maca64/install/include/qcar2_interfaces/qcar2_interfaces\n'}
[5.202279] (qcar2_interfaces) StdoutLine: {'line': b'-- Installing: /Users/cassanpierre-lo/Documents/qcar2_pkg/src/matlab_msg_gen/maca64/install/include/qcar2_interfaces/qcar2_interfaces/msg\n'}
[5.202367] (qcar2_interfaces) StdoutLine: {'line': b'-- Installing: /Users/cassanpierre-lo/Documents/qcar2_pkg/src/matlab_msg_gen/maca64/install/include/qcar2_interfaces/qcar2_interfaces/msg/rosidl_generator_c__visibility_control.h\n'}
[5.202399] (-) TimerEvent: {}
[5.202518] (qcar2_interfaces) StdoutLine: {'line': b'-- Installing: /Users/cassanpierre-lo/Documents/qcar2_pkg/src/matlab_msg_gen/maca64/install/include/qcar2_interfaces/qcar2_interfaces/msg/motor_commands.h\n'}
[5.202662] (qcar2_interfaces) StdoutLine: {'line': b'-- Installing: /Users/cassanpierre-lo/Documents/qcar2_pkg/src/matlab_msg_gen/maca64/install/include/qcar2_interfaces/qcar2_interfaces/msg/detail\n'}
[5.202746] (qcar2_interfaces) StdoutLine: {'line': b'-- Installing: /Users/cassanpierre-lo/Documents/qcar2_pkg/src/matlab_msg_gen/maca64/install/include/qcar2_interfaces/qcar2_interfaces/msg/detail/motor_commands__type_support.h\n'}
[5.202903] (qcar2_interfaces) StdoutLine: {'line': b'-- Installing: /Users/cassanpierre-lo/Documents/qcar2_pkg/src/matlab_msg_gen/maca64/install/include/qcar2_interfaces/qcar2_interfaces/msg/detail/motor_commands__functions.h\n'}
[5.203050] (qcar2_interfaces) StdoutLine: {'line': b'-- Installing: /Users/cassanpierre-lo/Documents/qcar2_pkg/src/matlab_msg_gen/maca64/install/include/qcar2_interfaces/qcar2_interfaces/msg/detail/boolean_leds__functions.h\n'}
[5.203202] (qcar2_interfaces) StdoutLine: {'line': b'-- Installing: /Users/cassanpierre-lo/Documents/qcar2_pkg/src/matlab_msg_gen/maca64/install/include/qcar2_interfaces/qcar2_interfaces/msg/detail/motor_commands__struct.h\n'}
[5.203353] (qcar2_interfaces) StdoutLine: {'line': b'-- Installing: /Users/cassanpierre-lo/Documents/qcar2_pkg/src/matlab_msg_gen/maca64/install/include/qcar2_interfaces/qcar2_interfaces/msg/detail/boolean_leds__type_support.h\n'}
[5.203498] (qcar2_interfaces) StdoutLine: {'line': b'-- Installing: /Users/cassanpierre-lo/Documents/qcar2_pkg/src/matlab_msg_gen/maca64/install/include/qcar2_interfaces/qcar2_interfaces/msg/detail/boolean_leds__functions.c\n'}
[5.203651] (qcar2_interfaces) StdoutLine: {'line': b'-- Installing: /Users/cassanpierre-lo/Documents/qcar2_pkg/src/matlab_msg_gen/maca64/install/include/qcar2_interfaces/qcar2_interfaces/msg/detail/boolean_leds__struct.h\n'}
[5.203793] (qcar2_interfaces) StdoutLine: {'line': b'-- Installing: /Users/cassanpierre-lo/Documents/qcar2_pkg/src/matlab_msg_gen/maca64/install/include/qcar2_interfaces/qcar2_interfaces/msg/detail/motor_commands__functions.c\n'}
[5.203948] (qcar2_interfaces) StdoutLine: {'line': b'-- Installing: /Users/cassanpierre-lo/Documents/qcar2_pkg/src/matlab_msg_gen/maca64/install/include/qcar2_interfaces/qcar2_interfaces/msg/boolean_leds.h\n'}
[5.204176] (qcar2_interfaces) StdoutLine: {'line': b'-- Installing: /Users/cassanpierre-lo/Documents/qcar2_pkg/src/matlab_msg_gen/maca64/install/share/qcar2_interfaces/environment/library_path.sh\n'}
[5.204346] (qcar2_interfaces) StdoutLine: {'line': b'-- Installing: /Users/cassanpierre-lo/Documents/qcar2_pkg/src/matlab_msg_gen/maca64/install/share/qcar2_interfaces/environment/library_path.dsv\n'}
[5.204547] (qcar2_interfaces) StdoutLine: {'line': b'-- Installing: /Users/cassanpierre-lo/Documents/qcar2_pkg/src/matlab_msg_gen/maca64/install/lib/libqcar2_interfaces__rosidl_generator_c.dylib\n'}
[5.204739] (qcar2_interfaces) StdoutLine: {'line': b'-- Up-to-date: /Users/cassanpierre-lo/Documents/qcar2_pkg/src/matlab_msg_gen/maca64/install/include/qcar2_interfaces/qcar2_interfaces\n'}
[5.204796] (qcar2_interfaces) StdoutLine: {'line': b'-- Up-to-date: /Users/cassanpierre-lo/Documents/qcar2_pkg/src/matlab_msg_gen/maca64/install/include/qcar2_interfaces/qcar2_interfaces/msg\n'}
[5.204849] (qcar2_interfaces) StdoutLine: {'line': b'-- Up-to-date: /Users/cassanpierre-lo/Documents/qcar2_pkg/src/matlab_msg_gen/maca64/install/include/qcar2_interfaces/qcar2_interfaces/msg/detail\n'}
[5.204912] (qcar2_interfaces) StdoutLine: {'line': b'-- Installing: /Users/cassanpierre-lo/Documents/qcar2_pkg/src/matlab_msg_gen/maca64/install/include/qcar2_interfaces/qcar2_interfaces/msg/detail/boolean_leds__rosidl_typesupport_fastrtps_c.h\n'}
[5.205074] (qcar2_interfaces) StdoutLine: {'line': b'-- Installing: /Users/cassanpierre-lo/Documents/qcar2_pkg/src/matlab_msg_gen/maca64/install/include/qcar2_interfaces/qcar2_interfaces/msg/detail/motor_commands__rosidl_typesupport_fastrtps_c.h\n'}
[5.205246] (qcar2_interfaces) StdoutLine: {'line': b'-- Installing: /Users/cassanpierre-lo/Documents/qcar2_pkg/src/matlab_msg_gen/maca64/install/include/qcar2_interfaces/qcar2_interfaces/msg/rosidl_typesupport_fastrtps_c__visibility_control.h\n'}
[5.205421] (qcar2_interfaces) StdoutLine: {'line': b'-- Installing: /Users/cassanpierre-lo/Documents/qcar2_pkg/src/matlab_msg_gen/maca64/install/lib/libqcar2_interfaces__rosidl_typesupport_fastrtps_c.dylib\n'}
[5.205585] (qcar2_interfaces) StdoutLine: {'line': b'-- Up-to-date: /Users/cassanpierre-lo/Documents/qcar2_pkg/src/matlab_msg_gen/maca64/install/include/qcar2_interfaces/qcar2_interfaces\n'}
[5.205646] (qcar2_interfaces) StdoutLine: {'line': b'-- Up-to-date: /Users/cassanpierre-lo/Documents/qcar2_pkg/src/matlab_msg_gen/maca64/install/include/qcar2_interfaces/qcar2_interfaces/msg\n'}
[5.205715] (qcar2_interfaces) StdoutLine: {'line': b'-- Up-to-date: /Users/cassanpierre-lo/Documents/qcar2_pkg/src/matlab_msg_gen/maca64/install/include/qcar2_interfaces/qcar2_interfaces/msg/detail\n'}
[5.205765] (qcar2_interfaces) StdoutLine: {'line': b'-- Installing: /Users/cassanpierre-lo/Documents/qcar2_pkg/src/matlab_msg_gen/maca64/install/include/qcar2_interfaces/qcar2_interfaces/msg/detail/boolean_leds__type_support.c\n'}
[5.205877] (qcar2_interfaces) StdoutLine: {'line': b'-- Installing: /Users/cassanpierre-lo/Documents/qcar2_pkg/src/matlab_msg_gen/maca64/install/include/qcar2_interfaces/qcar2_interfaces/msg/detail/motor_commands__type_support.c\n'}
[5.206032] (qcar2_interfaces) StdoutLine: {'line': b'-- Installing: /Users/cassanpierre-lo/Documents/qcar2_pkg/src/matlab_msg_gen/maca64/install/include/qcar2_interfaces/qcar2_interfaces/msg/detail/boolean_leds__rosidl_typesupport_introspection_c.h\n'}
[5.206234] (qcar2_interfaces) StdoutLine: {'line': b'-- Installing: /Users/cassanpierre-lo/Documents/qcar2_pkg/src/matlab_msg_gen/maca64/install/include/qcar2_interfaces/qcar2_interfaces/msg/detail/motor_commands__rosidl_typesupport_introspection_c.h\n'}
[5.206439] (qcar2_interfaces) StdoutLine: {'line': b'-- Installing: /Users/cassanpierre-lo/Documents/qcar2_pkg/src/matlab_msg_gen/maca64/install/include/qcar2_interfaces/qcar2_interfaces/msg/rosidl_typesupport_introspection_c__visibility_control.h\n'}
[5.206634] (qcar2_interfaces) StdoutLine: {'line': b'-- Installing: /Users/cassanpierre-lo/Documents/qcar2_pkg/src/matlab_msg_gen/maca64/install/lib/libqcar2_interfaces__rosidl_typesupport_introspection_c.dylib\n'}
[5.206817] (qcar2_interfaces) StdoutLine: {'line': b'-- Installing: /Users/cassanpierre-lo/Documents/qcar2_pkg/src/matlab_msg_gen/maca64/install/lib/libqcar2_interfaces__rosidl_typesupport_c.dylib\n'}
[5.206980] (qcar2_interfaces) StdoutLine: {'line': b'-- Up-to-date: /Users/cassanpierre-lo/Documents/qcar2_pkg/src/matlab_msg_gen/maca64/install/include/qcar2_interfaces/qcar2_interfaces\n'}
[5.207036] (qcar2_interfaces) StdoutLine: {'line': b'-- Up-to-date: /Users/cassanpierre-lo/Documents/qcar2_pkg/src/matlab_msg_gen/maca64/install/include/qcar2_interfaces/qcar2_interfaces/msg\n'}
[5.207106] (qcar2_interfaces) StdoutLine: {'line': b'-- Up-to-date: /Users/cassanpierre-lo/Documents/qcar2_pkg/src/matlab_msg_gen/maca64/install/include/qcar2_interfaces/qcar2_interfaces/msg/detail\n'}
[5.207169] (qcar2_interfaces) StdoutLine: {'line': b'-- Installing: /Users/cassanpierre-lo/Documents/qcar2_pkg/src/matlab_msg_gen/maca64/install/include/qcar2_interfaces/qcar2_interfaces/msg/detail/boolean_leds__traits.hpp\n'}
[5.207275] (qcar2_interfaces) StdoutLine: {'line': b'-- Installing: /Users/cassanpierre-lo/Documents/qcar2_pkg/src/matlab_msg_gen/maca64/install/include/qcar2_interfaces/qcar2_interfaces/msg/detail/motor_commands__traits.hpp\n'}
[5.207431] (qcar2_interfaces) StdoutLine: {'line': b'-- Installing: /Users/cassanpierre-lo/Documents/qcar2_pkg/src/matlab_msg_gen/maca64/install/include/qcar2_interfaces/qcar2_interfaces/msg/detail/boolean_leds__struct.hpp\n'}
[5.207574] (qcar2_interfaces) StdoutLine: {'line': b'-- Installing: /Users/cassanpierre-lo/Documents/qcar2_pkg/src/matlab_msg_gen/maca64/install/include/qcar2_interfaces/qcar2_interfaces/msg/detail/boolean_leds__builder.hpp\n'}
[5.207728] (qcar2_interfaces) StdoutLine: {'line': b'-- Installing: /Users/cassanpierre-lo/Documents/qcar2_pkg/src/matlab_msg_gen/maca64/install/include/qcar2_interfaces/qcar2_interfaces/msg/detail/motor_commands__builder.hpp\n'}
[5.207886] (qcar2_interfaces) StdoutLine: {'line': b'-- Installing: /Users/cassanpierre-lo/Documents/qcar2_pkg/src/matlab_msg_gen/maca64/install/include/qcar2_interfaces/qcar2_interfaces/msg/detail/motor_commands__struct.hpp\n'}
[5.208034] (qcar2_interfaces) StdoutLine: {'line': b'-- Installing: /Users/cassanpierre-lo/Documents/qcar2_pkg/src/matlab_msg_gen/maca64/install/include/qcar2_interfaces/qcar2_interfaces/msg/motor_commands.hpp\n'}
[5.208179] (qcar2_interfaces) StdoutLine: {'line': b'-- Installing: /Users/cassanpierre-lo/Documents/qcar2_pkg/src/matlab_msg_gen/maca64/install/include/qcar2_interfaces/qcar2_interfaces/msg/boolean_leds.hpp\n'}
[5.208334] (qcar2_interfaces) StdoutLine: {'line': b'-- Up-to-date: /Users/cassanpierre-lo/Documents/qcar2_pkg/src/matlab_msg_gen/maca64/install/include/qcar2_interfaces/qcar2_interfaces\n'}
[5.208402] (qcar2_interfaces) StdoutLine: {'line': b'-- Up-to-date: /Users/cassanpierre-lo/Documents/qcar2_pkg/src/matlab_msg_gen/maca64/install/include/qcar2_interfaces/qcar2_interfaces/msg\n'}
[5.208463] (qcar2_interfaces) StdoutLine: {'line': b'-- Installing: /Users/cassanpierre-lo/Documents/qcar2_pkg/src/matlab_msg_gen/maca64/install/include/qcar2_interfaces/qcar2_interfaces/msg/rosidl_typesupport_fastrtps_cpp__visibility_control.h\n'}
[5.208570] (qcar2_interfaces) StdoutLine: {'line': b'-- Up-to-date: /Users/cassanpierre-lo/Documents/qcar2_pkg/src/matlab_msg_gen/maca64/install/include/qcar2_interfaces/qcar2_interfaces/msg/detail\n'}
[5.208649] (qcar2_interfaces) StdoutLine: {'line': b'-- Installing: /Users/cassanpierre-lo/Documents/qcar2_pkg/src/matlab_msg_gen/maca64/install/include/qcar2_interfaces/qcar2_interfaces/msg/detail/motor_commands__rosidl_typesupport_fastrtps_cpp.hpp\n'}
[5.208784] (qcar2_interfaces) StdoutLine: {'line': b'-- Installing: /Users/cassanpierre-lo/Documents/qcar2_pkg/src/matlab_msg_gen/maca64/install/include/qcar2_interfaces/qcar2_interfaces/msg/detail/boolean_leds__rosidl_typesupport_fastrtps_cpp.hpp\n'}
[5.208961] (qcar2_interfaces) StdoutLine: {'line': b'-- Installing: /Users/cassanpierre-lo/Documents/qcar2_pkg/src/matlab_msg_gen/maca64/install/include/qcar2_interfaces/qcar2_interfaces/msg/detail/dds_fastrtps\n'}
[5.209134] (qcar2_interfaces) StdoutLine: {'line': b'-- Installing: /Users/cassanpierre-lo/Documents/qcar2_pkg/src/matlab_msg_gen/maca64/install/lib/libqcar2_interfaces__rosidl_typesupport_fastrtps_cpp.dylib\n'}
[5.209327] (qcar2_interfaces) StdoutLine: {'line': b'-- Up-to-date: /Users/cassanpierre-lo/Documents/qcar2_pkg/src/matlab_msg_gen/maca64/install/include/qcar2_interfaces/qcar2_interfaces\n'}
[5.209375] (qcar2_interfaces) StdoutLine: {'line': b'-- Up-to-date: /Users/cassanpierre-lo/Documents/qcar2_pkg/src/matlab_msg_gen/maca64/install/include/qcar2_interfaces/qcar2_interfaces/msg\n'}
[5.209456] (qcar2_interfaces) StdoutLine: {'line': b'-- Up-to-date: /Users/cassanpierre-lo/Documents/qcar2_pkg/src/matlab_msg_gen/maca64/install/include/qcar2_interfaces/qcar2_interfaces/msg/detail\n'}
[5.209526] (qcar2_interfaces) StdoutLine: {'line': b'-- Installing: /Users/cassanpierre-lo/Documents/qcar2_pkg/src/matlab_msg_gen/maca64/install/include/qcar2_interfaces/qcar2_interfaces/msg/detail/motor_commands__type_support.cpp\n'}
[5.209639] (qcar2_interfaces) StdoutLine: {'line': b'-- Installing: /Users/cassanpierre-lo/Documents/qcar2_pkg/src/matlab_msg_gen/maca64/install/include/qcar2_interfaces/qcar2_interfaces/msg/detail/boolean_leds__type_support.cpp\n'}
[5.209827] (qcar2_interfaces) StdoutLine: {'line': b'-- Installing: /Users/cassanpierre-lo/Documents/qcar2_pkg/src/matlab_msg_gen/maca64/install/include/qcar2_interfaces/qcar2_interfaces/msg/detail/motor_commands__rosidl_typesupport_introspection_cpp.hpp\n'}
[5.210061] (qcar2_interfaces) StdoutLine: {'line': b'-- Installing: /Users/cassanpierre-lo/Documents/qcar2_pkg/src/matlab_msg_gen/maca64/install/include/qcar2_interfaces/qcar2_interfaces/msg/detail/boolean_leds__rosidl_typesupport_introspection_cpp.hpp\n'}
[5.210323] (qcar2_interfaces) StdoutLine: {'line': b'-- Installing: /Users/cassanpierre-lo/Documents/qcar2_pkg/src/matlab_msg_gen/maca64/install/lib/libqcar2_interfaces__rosidl_typesupport_introspection_cpp.dylib\n'}
[5.210535] (qcar2_interfaces) StdoutLine: {'line': b'-- Installing: /Users/cassanpierre-lo/Documents/qcar2_pkg/src/matlab_msg_gen/maca64/install/lib/libqcar2_interfaces__rosidl_typesupport_cpp.dylib\n'}
[5.210770] (qcar2_interfaces) StdoutLine: {'line': b'-- Installing: /Users/cassanpierre-lo/Documents/qcar2_pkg/src/matlab_msg_gen/maca64/install/share/qcar2_interfaces/msg/BooleanLeds.idl\n'}
[5.210953] (qcar2_interfaces) StdoutLine: {'line': b'-- Installing: /Users/cassanpierre-lo/Documents/qcar2_pkg/src/matlab_msg_gen/maca64/install/share/qcar2_interfaces/msg/MotorCommands.idl\n'}
[5.211117] (qcar2_interfaces) StdoutLine: {'line': b'-- Installing: /Users/cassanpierre-lo/Documents/qcar2_pkg/src/matlab_msg_gen/maca64/install/share/qcar2_interfaces/msg/BooleanLeds.msg\n'}
[5.211285] (qcar2_interfaces) StdoutLine: {'line': b'-- Installing: /Users/cassanpierre-lo/Documents/qcar2_pkg/src/matlab_msg_gen/maca64/install/share/qcar2_interfaces/msg/MotorCommands.msg\n'}
[5.211433] (qcar2_interfaces) StdoutLine: {'line': b'-- Up-to-date: /Users/cassanpierre-lo/Documents/qcar2_pkg/src/matlab_msg_gen/maca64/install/include\n'}
[5.211499] (qcar2_interfaces) StdoutLine: {'line': b'-- Up-to-date: /Users/cassanpierre-lo/Documents/qcar2_pkg/src/matlab_msg_gen/maca64/install/include/qcar2_interfaces\n'}
[5.211568] (qcar2_interfaces) StdoutLine: {'line': b'-- Installing: /Users/cassanpierre-lo/Documents/qcar2_pkg/src/matlab_msg_gen/maca64/install/include/qcar2_interfaces/visibility_control.h\n'}
[5.211685] (qcar2_interfaces) StdoutLine: {'line': b'-- Installing: /Users/cassanpierre-lo/Documents/qcar2_pkg/src/matlab_msg_gen/maca64/install/lib/libqcar2_interfaces_matlab.dylib\n'}
[5.211856] (qcar2_interfaces) StdoutLine: {'line': b'-- Installing: /Users/cassanpierre-lo/Documents/qcar2_pkg/src/matlab_msg_gen/maca64/install/m/\n'}
[5.211930] (qcar2_interfaces) StdoutLine: {'line': b'-- Installing: /Users/cassanpierre-lo/Documents/qcar2_pkg/src/matlab_msg_gen/maca64/install/m//+ros\n'}
[5.212006] (qcar2_interfaces) StdoutLine: {'line': b'-- Installing: /Users/cassanpierre-lo/Documents/qcar2_pkg/src/matlab_msg_gen/maca64/install/m//+ros/+internal\n'}
[5.212081] (qcar2_interfaces) StdoutLine: {'line': b'-- Installing: /Users/cassanpierre-lo/Documents/qcar2_pkg/src/matlab_msg_gen/maca64/install/m//+ros/+internal/+ros2\n'}
[5.212158] (qcar2_interfaces) StdoutLine: {'line': b'-- Installing: /Users/cassanpierre-lo/Documents/qcar2_pkg/src/matlab_msg_gen/maca64/install/m//+ros/+internal/+ros2/+custommessages\n'}
[5.212260] (qcar2_interfaces) StdoutLine: {'line': b'-- Installing: /Users/cassanpierre-lo/Documents/qcar2_pkg/src/matlab_msg_gen/maca64/install/m//+ros/+internal/+ros2/+custommessages/+qcar2_interfaces\n'}
[5.212365] (qcar2_interfaces) StdoutLine: {'line': b'-- Installing: /Users/cassanpierre-lo/Documents/qcar2_pkg/src/matlab_msg_gen/maca64/install/m//+ros/+internal/+ros2/+custommessages/+qcar2_interfaces/motorCommands.m\n'}
[5.212524] (qcar2_interfaces) StdoutLine: {'line': b'-- Installing: /Users/cassanpierre-lo/Documents/qcar2_pkg/src/matlab_msg_gen/maca64/install/m//+ros/+internal/+ros2/+custommessages/+qcar2_interfaces/booleanLeds.m\n'}
[5.212729] (qcar2_interfaces) StdoutLine: {'line': b'-- Installing: /Users/cassanpierre-lo/Documents/qcar2_pkg/src/matlab_msg_gen/maca64/install/share/ament_index/resource_index/package_run_dependencies/qcar2_interfaces\n'}
[5.212975] (qcar2_interfaces) StdoutLine: {'line': b'-- Installing: /Users/cassanpierre-lo/Documents/qcar2_pkg/src/matlab_msg_gen/maca64/install/share/ament_index/resource_index/parent_prefix_path/qcar2_interfaces\n'}
[5.213157] (qcar2_interfaces) StdoutLine: {'line': b'-- Installing: /Users/cassanpierre-lo/Documents/qcar2_pkg/src/matlab_msg_gen/maca64/install/share/qcar2_interfaces/environment/ament_prefix_path.sh\n'}
[5.213341] (qcar2_interfaces) StdoutLine: {'line': b'-- Installing: /Users/cassanpierre-lo/Documents/qcar2_pkg/src/matlab_msg_gen/maca64/install/share/qcar2_interfaces/environment/ament_prefix_path.dsv\n'}
[5.213509] (qcar2_interfaces) StdoutLine: {'line': b'-- Installing: /Users/cassanpierre-lo/Documents/qcar2_pkg/src/matlab_msg_gen/maca64/install/share/qcar2_interfaces/environment/path.sh\n'}
[5.213674] (qcar2_interfaces) StdoutLine: {'line': b'-- Installing: /Users/cassanpierre-lo/Documents/qcar2_pkg/src/matlab_msg_gen/maca64/install/share/qcar2_interfaces/environment/path.dsv\n'}
[5.213840] (qcar2_interfaces) StdoutLine: {'line': b'-- Installing: /Users/cassanpierre-lo/Documents/qcar2_pkg/src/matlab_msg_gen/maca64/install/share/qcar2_interfaces/local_setup.bash\n'}
[5.214006] (qcar2_interfaces) StdoutLine: {'line': b'-- Installing: /Users/cassanpierre-lo/Documents/qcar2_pkg/src/matlab_msg_gen/maca64/install/share/qcar2_interfaces/local_setup.sh\n'}
[5.214173] (qcar2_interfaces) StdoutLine: {'line': b'-- Installing: /Users/cassanpierre-lo/Documents/qcar2_pkg/src/matlab_msg_gen/maca64/install/share/qcar2_interfaces/local_setup.zsh\n'}
[5.214341] (qcar2_interfaces) StdoutLine: {'line': b'-- Installing: /Users/cassanpierre-lo/Documents/qcar2_pkg/src/matlab_msg_gen/maca64/install/share/qcar2_interfaces/local_setup.dsv\n'}
[5.214499] (qcar2_interfaces) StdoutLine: {'line': b'-- Installing: /Users/cassanpierre-lo/Documents/qcar2_pkg/src/matlab_msg_gen/maca64/install/share/qcar2_interfaces/package.dsv\n'}
[5.214695] (qcar2_interfaces) StdoutLine: {'line': b'-- Installing: /Users/cassanpierre-lo/Documents/qcar2_pkg/src/matlab_msg_gen/maca64/install/share/ament_index/resource_index/packages/qcar2_interfaces\n'}
[5.214899] (qcar2_interfaces) StdoutLine: {'line': b'-- Installing: /Users/cassanpierre-lo/Documents/qcar2_pkg/src/matlab_msg_gen/maca64/install/share/qcar2_interfaces/cmake/export_qcar2_interfaces__rosidl_generator_cExport.cmake\n'}
[5.215072] (qcar2_interfaces) StdoutLine: {'line': b'-- Installing: /Users/cassanpierre-lo/Documents/qcar2_pkg/src/matlab_msg_gen/maca64/install/share/qcar2_interfaces/cmake/export_qcar2_interfaces__rosidl_generator_cExport-release.cmake\n'}
[5.215252] (qcar2_interfaces) StdoutLine: {'line': b'-- Installing: /Users/cassanpierre-lo/Documents/qcar2_pkg/src/matlab_msg_gen/maca64/install/share/qcar2_interfaces/cmake/export_qcar2_interfaces__rosidl_typesupport_fastrtps_cExport.cmake\n'}
[5.215425] (qcar2_interfaces) StdoutLine: {'line': b'-- Installing: /Users/cassanpierre-lo/Documents/qcar2_pkg/src/matlab_msg_gen/maca64/install/share/qcar2_interfaces/cmake/export_qcar2_interfaces__rosidl_typesupport_fastrtps_cExport-release.cmake\n'}
[5.215598] (qcar2_interfaces) StdoutLine: {'line': b'-- Installing: /Users/cassanpierre-lo/Documents/qcar2_pkg/src/matlab_msg_gen/maca64/install/share/qcar2_interfaces/cmake/qcar2_interfaces__rosidl_typesupport_introspection_cExport.cmake\n'}
[5.215769] (qcar2_interfaces) StdoutLine: {'line': b'-- Installing: /Users/cassanpierre-lo/Documents/qcar2_pkg/src/matlab_msg_gen/maca64/install/share/qcar2_interfaces/cmake/qcar2_interfaces__rosidl_typesupport_introspection_cExport-release.cmake\n'}
[5.216080] (qcar2_interfaces) StdoutLine: {'line': b'-- Installing: /Users/cassanpierre-lo/Documents/qcar2_pkg/src/matlab_msg_gen/maca64/install/share/qcar2_interfaces/cmake/qcar2_interfaces__rosidl_typesupport_cExport.cmake\n'}
[5.216410] (qcar2_interfaces) StdoutLine: {'line': b'-- Installing: /Users/cassanpierre-lo/Documents/qcar2_pkg/src/matlab_msg_gen/maca64/install/share/qcar2_interfaces/cmake/qcar2_interfaces__rosidl_typesupport_cExport-release.cmake\n'}
[5.216825] (qcar2_interfaces) StdoutLine: {'line': b'-- Installing: /Users/cassanpierre-lo/Documents/qcar2_pkg/src/matlab_msg_gen/maca64/install/share/qcar2_interfaces/cmake/export_qcar2_interfaces__rosidl_generator_cppExport.cmake\n'}
[5.217188] (qcar2_interfaces) StdoutLine: {'line': b'-- Installing: /Users/cassanpierre-lo/Documents/qcar2_pkg/src/matlab_msg_gen/maca64/install/share/qcar2_interfaces/cmake/export_qcar2_interfaces__rosidl_typesupport_fastrtps_cppExport.cmake\n'}
[5.217524] (qcar2_interfaces) StdoutLine: {'line': b'-- Installing: /Users/cassanpierre-lo/Documents/qcar2_pkg/src/matlab_msg_gen/maca64/install/share/qcar2_interfaces/cmake/export_qcar2_interfaces__rosidl_typesupport_fastrtps_cppExport-release.cmake\n'}
[5.217947] (qcar2_interfaces) StdoutLine: {'line': b'-- Installing: /Users/cassanpierre-lo/Documents/qcar2_pkg/src/matlab_msg_gen/maca64/install/share/qcar2_interfaces/cmake/qcar2_interfaces__rosidl_typesupport_introspection_cppExport.cmake\n'}
[5.218278] (qcar2_interfaces) StdoutLine: {'line': b'-- Installing: /Users/cassanpierre-lo/Documents/qcar2_pkg/src/matlab_msg_gen/maca64/install/share/qcar2_interfaces/cmake/qcar2_interfaces__rosidl_typesupport_introspection_cppExport-release.cmake\n'}
[5.218577] (qcar2_interfaces) StdoutLine: {'line': b'-- Installing: /Users/cassanpierre-lo/Documents/qcar2_pkg/src/matlab_msg_gen/maca64/install/share/qcar2_interfaces/cmake/qcar2_interfaces__rosidl_typesupport_cppExport.cmake\n'}
[5.218819] (qcar2_interfaces) StdoutLine: {'line': b'-- Installing: /Users/cassanpierre-lo/Documents/qcar2_pkg/src/matlab_msg_gen/maca64/install/share/qcar2_interfaces/cmake/qcar2_interfaces__rosidl_typesupport_cppExport-release.cmake\n'}
[5.219190] (qcar2_interfaces) StdoutLine: {'line': b'-- Installing: /Users/cassanpierre-lo/Documents/qcar2_pkg/src/matlab_msg_gen/maca64/install/share/qcar2_interfaces/cmake/rosidl_cmake-extras.cmake\n'}
[5.219631] (qcar2_interfaces) StdoutLine: {'line': b'-- Installing: /Users/cassanpierre-lo/Documents/qcar2_pkg/src/matlab_msg_gen/maca64/install/share/qcar2_interfaces/cmake/ament_cmake_export_include_directories-extras.cmake\n'}
[5.220023] (qcar2_interfaces) StdoutLine: {'line': b'-- Installing: /Users/cassanpierre-lo/Documents/qcar2_pkg/src/matlab_msg_gen/maca64/install/share/qcar2_interfaces/cmake/ament_cmake_export_libraries-extras.cmake\n'}
[5.220434] (qcar2_interfaces) StdoutLine: {'line': b'-- Installing: /Users/cassanpierre-lo/Documents/qcar2_pkg/src/matlab_msg_gen/maca64/install/share/qcar2_interfaces/cmake/ament_cmake_export_targets-extras.cmake\n'}
[5.220801] (qcar2_interfaces) StdoutLine: {'line': b'-- Installing: /Users/cassanpierre-lo/Documents/qcar2_pkg/src/matlab_msg_gen/maca64/install/share/qcar2_interfaces/cmake/rosidl_cmake_export_typesupport_targets-extras.cmake\n'}
[5.221185] (qcar2_interfaces) StdoutLine: {'line': b'-- Installing: /Users/cassanpierre-lo/Documents/qcar2_pkg/src/matlab_msg_gen/maca64/install/share/qcar2_interfaces/cmake/ament_cmake_export_dependencies-extras.cmake\n'}
[5.221598] (qcar2_interfaces) StdoutLine: {'line': b'-- Installing: /Users/cassanpierre-lo/Documents/qcar2_pkg/src/matlab_msg_gen/maca64/install/share/qcar2_interfaces/cmake/rosidl_cmake_export_typesupport_libraries-extras.cmake\n'}
[5.221962] (qcar2_interfaces) StdoutLine: {'line': b'-- Installing: /Users/cassanpierre-lo/Documents/qcar2_pkg/src/matlab_msg_gen/maca64/install/share/qcar2_interfaces/cmake/qcar2_interfacesConfig.cmake\n'}
[5.222317] (qcar2_interfaces) StdoutLine: {'line': b'-- Installing: /Users/cassanpierre-lo/Documents/qcar2_pkg/src/matlab_msg_gen/maca64/install/share/qcar2_interfaces/cmake/qcar2_interfacesConfig-version.cmake\n'}
[5.222660] (qcar2_interfaces) StdoutLine: {'line': b'-- Installing: /Users/cassanpierre-lo/Documents/qcar2_pkg/src/matlab_msg_gen/maca64/install/share/qcar2_interfaces/package.xml\n'}
[5.224423] (qcar2_interfaces) CommandEnded: {'returncode': 0}
[5.282379] (qcar2_interfaces) JobEnded: {'identifier': 'qcar2_interfaces', 'rc': 0}
[5.282781] (-) EventReactorShutdown: {}
