[0.688s] DEBUG:colcon:Command line arguments: ['/Users/cassanpierre-lo/.matlab/R2024b/ros2/maca64/venv/bin/colcon', 'build', '--merge-install', '--cmake-args', '-DCMAKE_BUILD_TYPE=Release', '-DBUILD_TESTING=OFF', '-DALIAS_ROS2_TF2=1', '-DCMAKE_CXX_FLAGS_RELEASE=-O0', '-G', 'Ninja', '-DCMAKE_OSX_ARCHITECTURES=arm64']
[0.688s] DEBUG:colcon:Parsed command line arguments: Namespace(log_base=None, log_level=None, verb_name='build', build_base='build', install_base='install', merge_install=True, symlink_install=False, test_result_base=None, continue_on_error=False, executor='parallel', parallel_workers=10, event_handlers=None, ignore_user_meta=False, metas=['./colcon.meta'], base_paths=['.'], packages_ignore=None, packages_ignore_regex=None, paths=None, packages_up_to=None, packages_up_to_regex=None, packages_above=None, packages_above_and_dependencies=None, packages_above_depth=None, packages_select_by_dep=None, packages_skip_by_dep=None, packages_skip_up_to=None, packages_select_build_failed=False, packages_skip_build_finished=False, packages_select_test_failures=False, packages_skip_test_passed=False, packages_select=None, packages_skip=None, packages_select_regex=None, packages_skip_regex=None, packages_start=None, packages_end=None, cmake_args=['-DCMAKE_BUILD_TYPE=Release', '-DBUILD_TESTING=OFF', '-DALIAS_ROS2_TF2=1', '-DCMAKE_CXX_FLAGS_RELEASE=-O0', '-G', 'Ninja', '-DCMAKE_OSX_ARCHITECTURES=arm64'], cmake_target=None, cmake_target_skip_unavailable=False, cmake_clean_cache=False, cmake_clean_first=False, cmake_force_configure=False, ament_cmake_args=None, catkin_cmake_args=None, catkin_skip_building_tests=False, verb_parser=<colcon_defaults.argument_parser.defaults.DefaultArgumentsDecorator object at 0x103b69cf0>, verb_extension=<colcon_core.verb.build.BuildVerb object at 0x103ace950>, main=<bound method BuildVerb.main of <colcon_core.verb.build.BuildVerb object at 0x103ace950>>)
[0.728s] Level 1:colcon.colcon_core.package_discovery:discover_packages(colcon_meta) check parameters
[0.728s] Level 1:colcon.colcon_core.package_discovery:discover_packages(recursive) check parameters
[0.728s] Level 1:colcon.colcon_core.package_discovery:discover_packages(ignore) check parameters
[0.728s] Level 1:colcon.colcon_core.package_discovery:discover_packages(path) check parameters
[0.728s] Level 1:colcon.colcon_core.package_discovery:discover_packages(colcon_meta) discover
[0.728s] Level 1:colcon.colcon_core.package_discovery:discover_packages(recursive) discover
[0.728s] INFO:colcon.colcon_core.package_discovery:Crawling recursively for packages in '/Users/cassanpierre-lo/Documents/qcar2_pkg/src/matlab_msg_gen/maca64'
[0.729s] Level 1:colcon.colcon_core.package_identification:_identify(.) by extensions ['ignore', 'ignore_ament_install']
[0.729s] Level 1:colcon.colcon_core.package_identification:_identify(.) by extension 'ignore'
[0.729s] Level 1:colcon.colcon_core.package_identification:_identify(.) by extension 'ignore_ament_install'
[0.729s] Level 1:colcon.colcon_core.package_identification:_identify(.) by extensions ['colcon_pkg']
[0.729s] Level 1:colcon.colcon_core.package_identification:_identify(.) by extension 'colcon_pkg'
[0.729s] Level 1:colcon.colcon_core.package_identification:_identify(.) by extensions ['colcon_meta']
[0.729s] Level 1:colcon.colcon_core.package_identification:_identify(.) by extension 'colcon_meta'
[0.729s] Level 1:colcon.colcon_core.package_identification:_identify(.) by extensions ['ros']
[0.729s] Level 1:colcon.colcon_core.package_identification:_identify(.) by extension 'ros'
[0.740s] Level 1:colcon.colcon_core.package_identification:_identify(.) by extensions ['cmake', 'python']
[0.740s] Level 1:colcon.colcon_core.package_identification:_identify(.) by extension 'cmake'
[0.740s] Level 1:colcon.colcon_core.package_identification:_identify(.) by extension 'python'
[0.740s] Level 1:colcon.colcon_core.package_identification:_identify(.) by extensions ['python_setup_py']
[0.740s] Level 1:colcon.colcon_core.package_identification:_identify(.) by extension 'python_setup_py'
[0.740s] Level 1:colcon.colcon_core.package_identification:_identify(build) by extensions ['ignore', 'ignore_ament_install']
[0.740s] Level 1:colcon.colcon_core.package_identification:_identify(build) by extension 'ignore'
[0.740s] Level 1:colcon.colcon_core.package_identification:_identify(build) ignored
[0.740s] Level 1:colcon.colcon_core.package_identification:_identify(install) by extensions ['ignore', 'ignore_ament_install']
[0.740s] Level 1:colcon.colcon_core.package_identification:_identify(install) by extension 'ignore'
[0.740s] Level 1:colcon.colcon_core.package_identification:_identify(install) ignored
[0.740s] Level 1:colcon.colcon_core.package_identification:_identify(log) by extensions ['ignore', 'ignore_ament_install']
[0.740s] Level 1:colcon.colcon_core.package_identification:_identify(log) by extension 'ignore'
[0.740s] Level 1:colcon.colcon_core.package_identification:_identify(log) ignored
[0.740s] Level 1:colcon.colcon_core.package_identification:_identify(src) by extensions ['ignore', 'ignore_ament_install']
[0.740s] Level 1:colcon.colcon_core.package_identification:_identify(src) by extension 'ignore'
[0.741s] Level 1:colcon.colcon_core.package_identification:_identify(src) by extension 'ignore_ament_install'
[0.741s] Level 1:colcon.colcon_core.package_identification:_identify(src) by extensions ['colcon_pkg']
[0.741s] Level 1:colcon.colcon_core.package_identification:_identify(src) by extension 'colcon_pkg'
[0.741s] Level 1:colcon.colcon_core.package_identification:_identify(src) by extensions ['colcon_meta']
[0.741s] Level 1:colcon.colcon_core.package_identification:_identify(src) by extension 'colcon_meta'
[0.741s] Level 1:colcon.colcon_core.package_identification:_identify(src) by extensions ['ros']
[0.741s] Level 1:colcon.colcon_core.package_identification:_identify(src) by extension 'ros'
[0.741s] Level 1:colcon.colcon_core.package_identification:_identify(src) by extensions ['cmake', 'python']
[0.741s] Level 1:colcon.colcon_core.package_identification:_identify(src) by extension 'cmake'
[0.741s] Level 1:colcon.colcon_core.package_identification:_identify(src) by extension 'python'
[0.741s] Level 1:colcon.colcon_core.package_identification:_identify(src) by extensions ['python_setup_py']
[0.741s] Level 1:colcon.colcon_core.package_identification:_identify(src) by extension 'python_setup_py'
[0.741s] Level 1:colcon.colcon_core.package_identification:_identify(src/qcar2_interfaces) by extensions ['ignore', 'ignore_ament_install']
[0.741s] Level 1:colcon.colcon_core.package_identification:_identify(src/qcar2_interfaces) by extension 'ignore'
[0.741s] Level 1:colcon.colcon_core.package_identification:_identify(src/qcar2_interfaces) by extension 'ignore_ament_install'
[0.741s] Level 1:colcon.colcon_core.package_identification:_identify(src/qcar2_interfaces) by extensions ['colcon_pkg']
[0.741s] Level 1:colcon.colcon_core.package_identification:_identify(src/qcar2_interfaces) by extension 'colcon_pkg'
[0.741s] Level 1:colcon.colcon_core.package_identification:_identify(src/qcar2_interfaces) by extensions ['colcon_meta']
[0.741s] Level 1:colcon.colcon_core.package_identification:_identify(src/qcar2_interfaces) by extension 'colcon_meta'
[0.741s] Level 1:colcon.colcon_core.package_identification:_identify(src/qcar2_interfaces) by extensions ['ros']
[0.741s] Level 1:colcon.colcon_core.package_identification:_identify(src/qcar2_interfaces) by extension 'ros'
[0.742s] DEBUG:colcon.colcon_core.package_identification:Package 'src/qcar2_interfaces' with type 'ros.ament_cmake' and name 'qcar2_interfaces'
[0.742s] Level 1:colcon.colcon_core.package_discovery:discover_packages(recursive) using defaults
[0.742s] Level 1:colcon.colcon_core.package_discovery:discover_packages(ignore) discover
[0.742s] Level 1:colcon.colcon_core.package_discovery:discover_packages(ignore) using defaults
[0.742s] Level 1:colcon.colcon_core.package_discovery:discover_packages(path) discover
[0.742s] Level 1:colcon.colcon_core.package_discovery:discover_packages(path) using defaults
[0.820s] Level 5:colcon.colcon_core.verb:set package 'qcar2_interfaces' build argument 'cmake_args' from command line to '['-DCMAKE_BUILD_TYPE=Release', '-DBUILD_TESTING=OFF', '-DALIAS_ROS2_TF2=1', '-DCMAKE_CXX_FLAGS_RELEASE=-O0', '-G', 'Ninja', '-DCMAKE_OSX_ARCHITECTURES=arm64']'
[0.820s] Level 5:colcon.colcon_core.verb:set package 'qcar2_interfaces' build argument 'cmake_target' from command line to 'None'
[0.820s] Level 5:colcon.colcon_core.verb:set package 'qcar2_interfaces' build argument 'cmake_target_skip_unavailable' from command line to 'False'
[0.820s] Level 5:colcon.colcon_core.verb:set package 'qcar2_interfaces' build argument 'cmake_clean_cache' from command line to 'False'
[0.820s] Level 5:colcon.colcon_core.verb:set package 'qcar2_interfaces' build argument 'cmake_clean_first' from command line to 'False'
[0.820s] Level 5:colcon.colcon_core.verb:set package 'qcar2_interfaces' build argument 'cmake_force_configure' from command line to 'False'
[0.820s] Level 5:colcon.colcon_core.verb:set package 'qcar2_interfaces' build argument 'ament_cmake_args' from command line to 'None'
[0.820s] Level 5:colcon.colcon_core.verb:set package 'qcar2_interfaces' build argument 'catkin_cmake_args' from command line to 'None'
[0.820s] Level 5:colcon.colcon_core.verb:set package 'qcar2_interfaces' build argument 'catkin_skip_building_tests' from command line to 'False'
[0.820s] DEBUG:colcon.colcon_core.verb:Building package 'qcar2_interfaces' with the following arguments: {'ament_cmake_args': None, 'build_base': '/Users/cassanpierre-lo/Documents/qcar2_pkg/src/matlab_msg_gen/maca64/build/qcar2_interfaces', 'catkin_cmake_args': None, 'catkin_skip_building_tests': False, 'cmake_args': ['-DCMAKE_BUILD_TYPE=Release', '-DBUILD_TESTING=OFF', '-DALIAS_ROS2_TF2=1', '-DCMAKE_CXX_FLAGS_RELEASE=-O0', '-G', 'Ninja', '-DCMAKE_OSX_ARCHITECTURES=arm64'], 'cmake_clean_cache': False, 'cmake_clean_first': False, 'cmake_force_configure': False, 'cmake_target': None, 'cmake_target_skip_unavailable': False, 'install_base': '/Users/cassanpierre-lo/Documents/qcar2_pkg/src/matlab_msg_gen/maca64/install', 'merge_install': True, 'path': '/Users/cassanpierre-lo/Documents/qcar2_pkg/src/matlab_msg_gen/maca64/src/qcar2_interfaces', 'symlink_install': False, 'test_result_base': None}
[0.821s] INFO:colcon.colcon_core.executor:Executing jobs using 'parallel' executor
[0.826s] DEBUG:colcon.colcon_parallel_executor.executor.parallel:run_until_complete
[0.826s] INFO:colcon.colcon_ros.task.ament_cmake.build:Building ROS package in '/Users/cassanpierre-lo/Documents/qcar2_pkg/src/matlab_msg_gen/maca64/src/qcar2_interfaces' with build type 'ament_cmake'
[0.826s] INFO:colcon.colcon_cmake.task.cmake.build:Building CMake package in '/Users/cassanpierre-lo/Documents/qcar2_pkg/src/matlab_msg_gen/maca64/src/qcar2_interfaces'
[0.830s] INFO:colcon.colcon_core.plugin_system:Skipping extension 'colcon_core.shell.bat': Not used on non-Windows systems
[0.830s] INFO:colcon.colcon_core.shell:Skip shell extension 'powershell' for command environment: Not usable outside of PowerShell
[0.830s] DEBUG:colcon.colcon_core.shell:Skip shell extension 'dsv' for command environment
[0.846s] DEBUG:colcon.colcon_core.event_handler.log_command:Invoking command in '/Users/cassanpierre-lo/Documents/qcar2_pkg/src/matlab_msg_gen/maca64/build/qcar2_interfaces': SHLVL=2 VIRTUAL_ENV_PROMPT=(venv) _=/usr/bin/env /Applications/MATLAB_R2024b.app/bin/maca64/cmake/bin/cmake /Users/cassanpierre-lo/Documents/qcar2_pkg/src/matlab_msg_gen/maca64/src/qcar2_interfaces -DCMAKE_BUILD_TYPE=Release -DBUILD_TESTING=OFF -DALIAS_ROS2_TF2=1 -DCMAKE_CXX_FLAGS_RELEASE=-O0 -G Ninja -DCMAKE_OSX_ARCHITECTURES=arm64 -DCMAKE_INSTALL_PREFIX=/Users/cassanpierre-lo/Documents/qcar2_pkg/src/matlab_msg_gen/maca64/install
[3.555s] DEBUG:colcon.colcon_core.event_handler.log_command:Invoked command in '/Users/cassanpierre-lo/Documents/qcar2_pkg/src/matlab_msg_gen/maca64/build/qcar2_interfaces' returned '0': SHLVL=2 VIRTUAL_ENV_PROMPT=(venv) _=/usr/bin/env /Applications/MATLAB_R2024b.app/bin/maca64/cmake/bin/cmake /Users/cassanpierre-lo/Documents/qcar2_pkg/src/matlab_msg_gen/maca64/src/qcar2_interfaces -DCMAKE_BUILD_TYPE=Release -DBUILD_TESTING=OFF -DALIAS_ROS2_TF2=1 -DCMAKE_CXX_FLAGS_RELEASE=-O0 -G Ninja -DCMAKE_OSX_ARCHITECTURES=arm64 -DCMAKE_INSTALL_PREFIX=/Users/cassanpierre-lo/Documents/qcar2_pkg/src/matlab_msg_gen/maca64/install
[3.557s] DEBUG:colcon.colcon_core.event_handler.log_command:Invoking command in '/Users/cassanpierre-lo/Documents/qcar2_pkg/src/matlab_msg_gen/maca64/build/qcar2_interfaces': SHLVL=2 VIRTUAL_ENV_PROMPT=(venv) _=/usr/bin/env /Applications/MATLAB_R2024b.app/bin/maca64/cmake/bin/cmake --build /Users/cassanpierre-lo/Documents/qcar2_pkg/src/matlab_msg_gen/maca64/build/qcar2_interfaces -- -j10 -l10
[5.987s] DEBUG:colcon.colcon_core.event_handler.log_command:Invoked command in '/Users/cassanpierre-lo/Documents/qcar2_pkg/src/matlab_msg_gen/maca64/build/qcar2_interfaces' returned '0': SHLVL=2 VIRTUAL_ENV_PROMPT=(venv) _=/usr/bin/env /Applications/MATLAB_R2024b.app/bin/maca64/cmake/bin/cmake --build /Users/cassanpierre-lo/Documents/qcar2_pkg/src/matlab_msg_gen/maca64/build/qcar2_interfaces -- -j10 -l10
[6.022s] DEBUG:colcon.colcon_core.event_handler.log_command:Invoking command in '/Users/cassanpierre-lo/Documents/qcar2_pkg/src/matlab_msg_gen/maca64/build/qcar2_interfaces': SHLVL=2 VIRTUAL_ENV_PROMPT=(venv) _=/usr/bin/env /Applications/MATLAB_R2024b.app/bin/maca64/cmake/bin/cmake --install /Users/cassanpierre-lo/Documents/qcar2_pkg/src/matlab_msg_gen/maca64/build/qcar2_interfaces
[6.049s] Level 1:colcon.colcon_core.environment:create_environment_scripts_only(qcar2_interfaces)
[6.050s] DEBUG:colcon.colcon_core.event_handler.log_command:Invoked command in '/Users/cassanpierre-lo/Documents/qcar2_pkg/src/matlab_msg_gen/maca64/build/qcar2_interfaces' returned '0': SHLVL=2 VIRTUAL_ENV_PROMPT=(venv) _=/usr/bin/env /Applications/MATLAB_R2024b.app/bin/maca64/cmake/bin/cmake --install /Users/cassanpierre-lo/Documents/qcar2_pkg/src/matlab_msg_gen/maca64/build/qcar2_interfaces
[6.056s] Level 1:colcon.colcon_core.environment:checking '/Users/cassanpierre-lo/Documents/qcar2_pkg/src/matlab_msg_gen/maca64/install' for CMake module files
[6.056s] Level 1:colcon.colcon_core.environment:checking '/Users/cassanpierre-lo/Documents/qcar2_pkg/src/matlab_msg_gen/maca64/install' for CMake config files
[6.056s] Level 1:colcon.colcon_core.shell:create_environment_hook('qcar2_interfaces', 'cmake_prefix_path')
[6.059s] INFO:colcon.colcon_core.shell:Creating environment hook '/Users/cassanpierre-lo/Documents/qcar2_pkg/src/matlab_msg_gen/maca64/install/share/qcar2_interfaces/hook/cmake_prefix_path.ps1'
[6.059s] INFO:colcon.colcon_core.shell:Creating environment descriptor '/Users/cassanpierre-lo/Documents/qcar2_pkg/src/matlab_msg_gen/maca64/install/share/qcar2_interfaces/hook/cmake_prefix_path.dsv'
[6.059s] INFO:colcon.colcon_core.shell:Creating environment hook '/Users/cassanpierre-lo/Documents/qcar2_pkg/src/matlab_msg_gen/maca64/install/share/qcar2_interfaces/hook/cmake_prefix_path.sh'
[6.059s] Level 1:colcon.colcon_core.environment:checking '/Users/cassanpierre-lo/Documents/qcar2_pkg/src/matlab_msg_gen/maca64/install/lib'
[6.060s] Level 1:colcon.colcon_core.shell:create_environment_hook('qcar2_interfaces', 'dyld_library_path')
[6.062s] INFO:colcon.colcon_core.shell:Creating environment hook '/Users/cassanpierre-lo/Documents/qcar2_pkg/src/matlab_msg_gen/maca64/install/share/qcar2_interfaces/hook/dyld_library_path.ps1'
[6.062s] INFO:colcon.colcon_core.shell:Creating environment descriptor '/Users/cassanpierre-lo/Documents/qcar2_pkg/src/matlab_msg_gen/maca64/install/share/qcar2_interfaces/hook/dyld_library_path.dsv'
[6.062s] INFO:colcon.colcon_core.shell:Creating environment hook '/Users/cassanpierre-lo/Documents/qcar2_pkg/src/matlab_msg_gen/maca64/install/share/qcar2_interfaces/hook/dyld_library_path.sh'
[6.062s] Level 1:colcon.colcon_core.environment:checking '/Users/cassanpierre-lo/Documents/qcar2_pkg/src/matlab_msg_gen/maca64/install/bin'
[6.062s] Level 1:colcon.colcon_core.environment:checking '/Users/cassanpierre-lo/Documents/qcar2_pkg/src/matlab_msg_gen/maca64/install/lib/pkgconfig/qcar2_interfaces.pc'
[6.062s] Level 1:colcon.colcon_core.environment:checking '/Users/cassanpierre-lo/Documents/qcar2_pkg/src/matlab_msg_gen/maca64/install/lib/python3.10/site-packages'
[6.062s] Level 1:colcon.colcon_core.environment:checking '/Users/cassanpierre-lo/Documents/qcar2_pkg/src/matlab_msg_gen/maca64/install/bin'
[6.065s] INFO:colcon.colcon_core.shell:Creating package script '/Users/cassanpierre-lo/Documents/qcar2_pkg/src/matlab_msg_gen/maca64/install/share/qcar2_interfaces/package.ps1'
[6.065s] INFO:colcon.colcon_core.shell:Creating package descriptor '/Users/cassanpierre-lo/Documents/qcar2_pkg/src/matlab_msg_gen/maca64/install/share/qcar2_interfaces/package.dsv'
[6.065s] INFO:colcon.colcon_core.shell:Creating package script '/Users/cassanpierre-lo/Documents/qcar2_pkg/src/matlab_msg_gen/maca64/install/share/qcar2_interfaces/package.sh'
[6.066s] INFO:colcon.colcon_core.shell:Creating package script '/Users/cassanpierre-lo/Documents/qcar2_pkg/src/matlab_msg_gen/maca64/install/share/qcar2_interfaces/package.bash'
[6.066s] INFO:colcon.colcon_core.shell:Creating package script '/Users/cassanpierre-lo/Documents/qcar2_pkg/src/matlab_msg_gen/maca64/install/share/qcar2_interfaces/package.zsh'
[6.066s] Level 1:colcon.colcon_core.environment:create_file_with_runtime_dependencies(/Users/cassanpierre-lo/Documents/qcar2_pkg/src/matlab_msg_gen/maca64/install/share/colcon-core/packages/qcar2_interfaces)
[6.095s] Level 1:colcon.colcon_core.environment:create_environment_scripts_only(qcar2_interfaces)
[6.098s] Level 1:colcon.colcon_core.environment:checking '/Users/cassanpierre-lo/Documents/qcar2_pkg/src/matlab_msg_gen/maca64/install' for CMake module files
[6.099s] Level 1:colcon.colcon_core.environment:checking '/Users/cassanpierre-lo/Documents/qcar2_pkg/src/matlab_msg_gen/maca64/install' for CMake config files
[6.099s] Level 1:colcon.colcon_core.shell:create_environment_hook('qcar2_interfaces', 'cmake_prefix_path')
[6.101s] INFO:colcon.colcon_core.shell:Creating environment hook '/Users/cassanpierre-lo/Documents/qcar2_pkg/src/matlab_msg_gen/maca64/install/share/qcar2_interfaces/hook/cmake_prefix_path.ps1'
[6.102s] INFO:colcon.colcon_core.shell:Creating environment descriptor '/Users/cassanpierre-lo/Documents/qcar2_pkg/src/matlab_msg_gen/maca64/install/share/qcar2_interfaces/hook/cmake_prefix_path.dsv'
[6.102s] INFO:colcon.colcon_core.shell:Creating environment hook '/Users/cassanpierre-lo/Documents/qcar2_pkg/src/matlab_msg_gen/maca64/install/share/qcar2_interfaces/hook/cmake_prefix_path.sh'
[6.102s] Level 1:colcon.colcon_core.environment:checking '/Users/cassanpierre-lo/Documents/qcar2_pkg/src/matlab_msg_gen/maca64/install/lib'
[6.102s] Level 1:colcon.colcon_core.shell:create_environment_hook('qcar2_interfaces', 'dyld_library_path')
[6.104s] INFO:colcon.colcon_core.shell:Creating environment hook '/Users/cassanpierre-lo/Documents/qcar2_pkg/src/matlab_msg_gen/maca64/install/share/qcar2_interfaces/hook/dyld_library_path.ps1'
[6.104s] INFO:colcon.colcon_core.shell:Creating environment descriptor '/Users/cassanpierre-lo/Documents/qcar2_pkg/src/matlab_msg_gen/maca64/install/share/qcar2_interfaces/hook/dyld_library_path.dsv'
[6.105s] INFO:colcon.colcon_core.shell:Creating environment hook '/Users/cassanpierre-lo/Documents/qcar2_pkg/src/matlab_msg_gen/maca64/install/share/qcar2_interfaces/hook/dyld_library_path.sh'
[6.105s] Level 1:colcon.colcon_core.environment:checking '/Users/cassanpierre-lo/Documents/qcar2_pkg/src/matlab_msg_gen/maca64/install/bin'
[6.105s] Level 1:colcon.colcon_core.environment:checking '/Users/cassanpierre-lo/Documents/qcar2_pkg/src/matlab_msg_gen/maca64/install/lib/pkgconfig/qcar2_interfaces.pc'
[6.105s] Level 1:colcon.colcon_core.environment:checking '/Users/cassanpierre-lo/Documents/qcar2_pkg/src/matlab_msg_gen/maca64/install/lib/python3.10/site-packages'
[6.105s] Level 1:colcon.colcon_core.environment:checking '/Users/cassanpierre-lo/Documents/qcar2_pkg/src/matlab_msg_gen/maca64/install/bin'
[6.107s] INFO:colcon.colcon_core.shell:Creating package script '/Users/cassanpierre-lo/Documents/qcar2_pkg/src/matlab_msg_gen/maca64/install/share/qcar2_interfaces/package.ps1'
[6.107s] INFO:colcon.colcon_core.shell:Creating package descriptor '/Users/cassanpierre-lo/Documents/qcar2_pkg/src/matlab_msg_gen/maca64/install/share/qcar2_interfaces/package.dsv'
[6.108s] INFO:colcon.colcon_core.shell:Creating package script '/Users/cassanpierre-lo/Documents/qcar2_pkg/src/matlab_msg_gen/maca64/install/share/qcar2_interfaces/package.sh'
[6.108s] INFO:colcon.colcon_core.shell:Creating package script '/Users/cassanpierre-lo/Documents/qcar2_pkg/src/matlab_msg_gen/maca64/install/share/qcar2_interfaces/package.bash'
[6.108s] INFO:colcon.colcon_core.shell:Creating package script '/Users/cassanpierre-lo/Documents/qcar2_pkg/src/matlab_msg_gen/maca64/install/share/qcar2_interfaces/package.zsh'
[6.108s] Level 1:colcon.colcon_core.environment:create_file_with_runtime_dependencies(/Users/cassanpierre-lo/Documents/qcar2_pkg/src/matlab_msg_gen/maca64/install/share/colcon-core/packages/qcar2_interfaces)
[6.108s] DEBUG:colcon.colcon_parallel_executor.executor.parallel:closing loop
[6.108s] DEBUG:colcon.colcon_parallel_executor.executor.parallel:loop closed
[6.108s] DEBUG:colcon.colcon_parallel_executor.executor.parallel:run_until_complete finished with '0'
[6.108s] DEBUG:colcon.colcon_core.event_reactor:joining thread
[6.111s] INFO:colcon.colcon_core.plugin_system:Skipping extension 'colcon_notification.desktop_notification.notify2': 'notify2' not found
[6.111s] INFO:colcon.colcon_core.plugin_system:Skipping extension 'colcon_notification.desktop_notification.notify_send': Not used on non-Linux systems
[6.111s] INFO:colcon.colcon_core.plugin_system:Skipping extension 'colcon_notification.desktop_notification.win32': Not used on non-Windows systems
[6.111s] INFO:colcon.colcon_notification.desktop_notification:Sending desktop notification using 'terminal_notifier'
[6.219s] DEBUG:colcon.colcon_core.event_reactor:joined thread
[6.222s] INFO:colcon.colcon_core.shell:Creating prefix script '/Users/cassanpierre-lo/Documents/qcar2_pkg/src/matlab_msg_gen/maca64/install/local_setup.ps1'
[6.224s] INFO:colcon.colcon_core.shell:Creating prefix util module '/Users/cassanpierre-lo/Documents/qcar2_pkg/src/matlab_msg_gen/maca64/install/_local_setup_util_ps1.py'
[6.224s] INFO:colcon.colcon_core.shell:Creating prefix chain script '/Users/cassanpierre-lo/Documents/qcar2_pkg/src/matlab_msg_gen/maca64/install/setup.ps1'
[6.227s] INFO:colcon.colcon_core.shell:Creating prefix script '/Users/cassanpierre-lo/Documents/qcar2_pkg/src/matlab_msg_gen/maca64/install/local_setup.sh'
[6.228s] INFO:colcon.colcon_core.shell:Creating prefix util module '/Users/cassanpierre-lo/Documents/qcar2_pkg/src/matlab_msg_gen/maca64/install/_local_setup_util_sh.py'
[6.228s] INFO:colcon.colcon_core.shell:Creating prefix chain script '/Users/cassanpierre-lo/Documents/qcar2_pkg/src/matlab_msg_gen/maca64/install/setup.sh'
[6.231s] INFO:colcon.colcon_core.shell:Creating prefix script '/Users/cassanpierre-lo/Documents/qcar2_pkg/src/matlab_msg_gen/maca64/install/local_setup.bash'
[6.231s] INFO:colcon.colcon_core.shell:Creating prefix chain script '/Users/cassanpierre-lo/Documents/qcar2_pkg/src/matlab_msg_gen/maca64/install/setup.bash'
[6.234s] INFO:colcon.colcon_core.shell:Creating prefix script '/Users/cassanpierre-lo/Documents/qcar2_pkg/src/matlab_msg_gen/maca64/install/local_setup.zsh'
[6.240s] INFO:colcon.colcon_core.shell:Creating prefix chain script '/Users/cassanpierre-lo/Documents/qcar2_pkg/src/matlab_msg_gen/maca64/install/setup.zsh'
